[19-Mar-2024 07:26:54 UTC] PHP Warning:  array_map(): Expected parameter 2 to be an array, int given in /Users/kenza/Library/CloudStorage/GoogleDrive-bechirikenza@gmail.com/Mon Drive/2023-08_Formation-Wordpress-Openclassrooms/11_Projet-11/wp-includes/class-wp-query.php on line 2204
[19-Mar-2024 07:26:54 UTC] PHP Warning:  implode(): Invalid arguments passed in /Users/kenza/Library/CloudStorage/GoogleDrive-bechirikenza@gmail.com/Mon Drive/2023-08_Formation-Wordpress-Openclassrooms/11_Projet-11/wp-includes/class-wp-query.php on line 2204
[19-Mar-2024 07:26:54 UTC] WordPress database error You have an error in your SQL syntax; check the manual that corresponds to your MySQL server version for the right syntax to use near ') AND ( 
  wp_term_relationships.term_taxonomy_id IN (6)
) AND ((wp_posts.post_t' at line 3 for query 
					SELECT SQL_CALC_FOUND_ROWS  wp_posts.ID
					FROM wp_posts  LEFT JOIN wp_term_relationships ON (wp_posts.ID = wp_term_relationships.object_id)
					WHERE 1=1  AND wp_posts.ID NOT IN () AND ( 
  wp_term_relationships.term_taxonomy_id IN (6)
) AND ((wp_posts.post_type = 'photo' AND (wp_posts.post_status = 'publish' OR wp_posts.post_status = 'acf-disabled' 
OR wp_posts.post_status = 'private')))
					GROUP BY wp_posts.ID
					ORDER BY wp_posts.post_date DESC
					LIMIT 0, 2
				 made by require('wp-blog-header.php'), require_once('wp-includes/template-loader.php'), include('/themes/motaphoto/single-photo.php'), WP_Query->__construct, WP_Query->query, WP_Query->get_posts
[19-Mar-2024 07:29:29 UTC] PHP Warning:  array_map(): Expected parameter 2 to be an array, int given in /Users/kenza/Library/CloudStorage/GoogleDrive-bechirikenza@gmail.com/Mon Drive/2023-08_Formation-Wordpress-Openclassrooms/11_Projet-11/wp-includes/class-wp-query.php on line 2204
[19-Mar-2024 07:29:29 UTC] PHP Warning:  implode(): Invalid arguments passed in /Users/kenza/Library/CloudStorage/GoogleDrive-bechirikenza@gmail.com/Mon Drive/2023-08_Formation-Wordpress-Openclassrooms/11_Projet-11/wp-includes/class-wp-query.php on line 2204
[19-Mar-2024 07:29:29 UTC] WordPress database error You have an error in your SQL syntax; check the manual that corresponds to your MySQL server version for the right syntax to use near ') AND ( 
  wp_term_relationships.term_taxonomy_id IN (6)
) AND ((wp_posts.post_t' at line 3 for query 
					SELECT SQL_CALC_FOUND_ROWS  wp_posts.ID
					FROM wp_posts  LEFT JOIN wp_term_relationships ON (wp_posts.ID = wp_term_relationships.object_id)
					WHERE 1=1  AND wp_posts.ID NOT IN () AND ( 
  wp_term_relationships.term_taxonomy_id IN (6)
) AND ((wp_posts.post_type = 'photo' AND (wp_posts.post_status = 'publish' OR wp_posts.post_status = 'acf-disabled' 
OR wp_posts.post_status = 'private')))
					GROUP BY wp_posts.ID
					ORDER BY wp_posts.post_date DESC
					LIMIT 0, 2
				 made by require('wp-blog-header.php'), require_once('wp-includes/template-loader.php'), include('/themes/motaphoto/single-photo.php'), WP_Query->__construct, WP_Query->query, WP_Query->get_posts
[19-Mar-2024 22:50:53 UTC] PHP Notice:  Undefined offset: 0 in /Users/kenza/Library/CloudStorage/GoogleDrive-bechirikenza@gmail.com/Mon Drive/2023-08_Formation-Wordpress-Openclassrooms/11_Projet-11/wp-includes/media.php on line 795
[19-Mar-2024 22:50:53 UTC] PHP Notice:  Undefined offset: 0 in /Users/kenza/Library/CloudStorage/GoogleDrive-bechirikenza@gmail.com/Mon Drive/2023-08_Formation-Wordpress-Openclassrooms/11_Projet-11/wp-includes/media.php on line 801
[19-Mar-2024 22:50:53 UTC] PHP Notice:  Undefined offset: 1 in /Users/kenza/Library/CloudStorage/GoogleDrive-bechirikenza@gmail.com/Mon Drive/2023-08_Formation-Wordpress-Openclassrooms/11_Projet-11/wp-includes/media.php on line 801
[19-Mar-2024 22:50:53 UTC] PHP Notice:  Undefined offset: 0 in /Users/kenza/Library/CloudStorage/GoogleDrive-bechirikenza@gmail.com/Mon Drive/2023-08_Formation-Wordpress-Openclassrooms/11_Projet-11/wp-includes/media.php on line 803
[19-Mar-2024 22:50:53 UTC] PHP Notice:  Undefined offset: 1 in /Users/kenza/Library/CloudStorage/GoogleDrive-bechirikenza@gmail.com/Mon Drive/2023-08_Formation-Wordpress-Openclassrooms/11_Projet-11/wp-includes/media.php on line 803
[19-Mar-2024 22:50:53 UTC] PHP Notice:  Undefined offset: 0 in /Users/kenza/Library/CloudStorage/GoogleDrive-bechirikenza@gmail.com/Mon Drive/2023-08_Formation-Wordpress-Openclassrooms/11_Projet-11/wp-includes/media.php on line 806
[19-Mar-2024 22:50:53 UTC] PHP Notice:  Undefined offset: 1 in /Users/kenza/Library/CloudStorage/GoogleDrive-bechirikenza@gmail.com/Mon Drive/2023-08_Formation-Wordpress-Openclassrooms/11_Projet-11/wp-includes/media.php on line 806
[19-Mar-2024 22:50:53 UTC] PHP Notice:  Undefined offset: 0 in /Users/kenza/Library/CloudStorage/GoogleDrive-bechirikenza@gmail.com/Mon Drive/2023-08_Formation-Wordpress-Openclassrooms/11_Projet-11/wp-includes/media.php on line 795
[19-Mar-2024 22:50:53 UTC] PHP Notice:  Undefined offset: 0 in /Users/kenza/Library/CloudStorage/GoogleDrive-bechirikenza@gmail.com/Mon Drive/2023-08_Formation-Wordpress-Openclassrooms/11_Projet-11/wp-includes/media.php on line 801
[19-Mar-2024 22:50:53 UTC] PHP Notice:  Undefined offset: 1 in /Users/kenza/Library/CloudStorage/GoogleDrive-bechirikenza@gmail.com/Mon Drive/2023-08_Formation-Wordpress-Openclassrooms/11_Projet-11/wp-includes/media.php on line 801
[19-Mar-2024 22:50:53 UTC] PHP Notice:  Undefined offset: 0 in /Users/kenza/Library/CloudStorage/GoogleDrive-bechirikenza@gmail.com/Mon Drive/2023-08_Formation-Wordpress-Openclassrooms/11_Projet-11/wp-includes/media.php on line 803
[19-Mar-2024 22:50:53 UTC] PHP Notice:  Undefined offset: 1 in /Users/kenza/Library/CloudStorage/GoogleDrive-bechirikenza@gmail.com/Mon Drive/2023-08_Formation-Wordpress-Openclassrooms/11_Projet-11/wp-includes/media.php on line 803
[19-Mar-2024 22:50:53 UTC] PHP Notice:  Undefined offset: 0 in /Users/kenza/Library/CloudStorage/GoogleDrive-bechirikenza@gmail.com/Mon Drive/2023-08_Formation-Wordpress-Openclassrooms/11_Projet-11/wp-includes/media.php on line 806
[19-Mar-2024 22:50:53 UTC] PHP Notice:  Undefined offset: 1 in /Users/kenza/Library/CloudStorage/GoogleDrive-bechirikenza@gmail.com/Mon Drive/2023-08_Formation-Wordpress-Openclassrooms/11_Projet-11/wp-includes/media.php on line 806
[19-Mar-2024 22:50:53 UTC] PHP Notice:  Undefined offset: 0 in /Users/kenza/Library/CloudStorage/GoogleDrive-bechirikenza@gmail.com/Mon Drive/2023-08_Formation-Wordpress-Openclassrooms/11_Projet-11/wp-includes/media.php on line 795
[19-Mar-2024 22:50:53 UTC] PHP Notice:  Undefined offset: 0 in /Users/kenza/Library/CloudStorage/GoogleDrive-bechirikenza@gmail.com/Mon Drive/2023-08_Formation-Wordpress-Openclassrooms/11_Projet-11/wp-includes/media.php on line 801
[19-Mar-2024 22:50:53 UTC] PHP Notice:  Undefined offset: 1 in /Users/kenza/Library/CloudStorage/GoogleDrive-bechirikenza@gmail.com/Mon Drive/2023-08_Formation-Wordpress-Openclassrooms/11_Projet-11/wp-includes/media.php on line 801
[19-Mar-2024 22:50:53 UTC] PHP Notice:  Undefined offset: 0 in /Users/kenza/Library/CloudStorage/GoogleDrive-bechirikenza@gmail.com/Mon Drive/2023-08_Formation-Wordpress-Openclassrooms/11_Projet-11/wp-includes/media.php on line 803
[19-Mar-2024 22:50:53 UTC] PHP Notice:  Undefined offset: 1 in /Users/kenza/Library/CloudStorage/GoogleDrive-bechirikenza@gmail.com/Mon Drive/2023-08_Formation-Wordpress-Openclassrooms/11_Projet-11/wp-includes/media.php on line 803
[19-Mar-2024 22:50:53 UTC] PHP Notice:  Undefined offset: 0 in /Users/kenza/Library/CloudStorage/GoogleDrive-bechirikenza@gmail.com/Mon Drive/2023-08_Formation-Wordpress-Openclassrooms/11_Projet-11/wp-includes/media.php on line 806
[19-Mar-2024 22:50:53 UTC] PHP Notice:  Undefined offset: 1 in /Users/kenza/Library/CloudStorage/GoogleDrive-bechirikenza@gmail.com/Mon Drive/2023-08_Formation-Wordpress-Openclassrooms/11_Projet-11/wp-includes/media.php on line 806
[19-Mar-2024 22:50:53 UTC] PHP Notice:  Undefined offset: 0 in /Users/kenza/Library/CloudStorage/GoogleDrive-bechirikenza@gmail.com/Mon Drive/2023-08_Formation-Wordpress-Openclassrooms/11_Projet-11/wp-includes/media.php on line 795
[19-Mar-2024 22:50:53 UTC] PHP Notice:  Undefined offset: 0 in /Users/kenza/Library/CloudStorage/GoogleDrive-bechirikenza@gmail.com/Mon Drive/2023-08_Formation-Wordpress-Openclassrooms/11_Projet-11/wp-includes/media.php on line 801
[19-Mar-2024 22:50:53 UTC] PHP Notice:  Undefined offset: 1 in /Users/kenza/Library/CloudStorage/GoogleDrive-bechirikenza@gmail.com/Mon Drive/2023-08_Formation-Wordpress-Openclassrooms/11_Projet-11/wp-includes/media.php on line 801
[19-Mar-2024 22:50:53 UTC] PHP Notice:  Undefined offset: 0 in /Users/kenza/Library/CloudStorage/GoogleDrive-bechirikenza@gmail.com/Mon Drive/2023-08_Formation-Wordpress-Openclassrooms/11_Projet-11/wp-includes/media.php on line 803
[19-Mar-2024 22:50:53 UTC] PHP Notice:  Undefined offset: 1 in /Users/kenza/Library/CloudStorage/GoogleDrive-bechirikenza@gmail.com/Mon Drive/2023-08_Formation-Wordpress-Openclassrooms/11_Projet-11/wp-includes/media.php on line 803
[19-Mar-2024 22:50:53 UTC] PHP Notice:  Undefined offset: 0 in /Users/kenza/Library/CloudStorage/GoogleDrive-bechirikenza@gmail.com/Mon Drive/2023-08_Formation-Wordpress-Openclassrooms/11_Projet-11/wp-includes/media.php on line 806
[19-Mar-2024 22:50:53 UTC] PHP Notice:  Undefined offset: 1 in /Users/kenza/Library/CloudStorage/GoogleDrive-bechirikenza@gmail.com/Mon Drive/2023-08_Formation-Wordpress-Openclassrooms/11_Projet-11/wp-includes/media.php on line 806
[19-Mar-2024 22:50:53 UTC] PHP Notice:  Undefined offset: 0 in /Users/kenza/Library/CloudStorage/GoogleDrive-bechirikenza@gmail.com/Mon Drive/2023-08_Formation-Wordpress-Openclassrooms/11_Projet-11/wp-includes/media.php on line 795
[19-Mar-2024 22:50:53 UTC] PHP Notice:  Undefined offset: 0 in /Users/kenza/Library/CloudStorage/GoogleDrive-bechirikenza@gmail.com/Mon Drive/2023-08_Formation-Wordpress-Openclassrooms/11_Projet-11/wp-includes/media.php on line 801
[19-Mar-2024 22:50:53 UTC] PHP Notice:  Undefined offset: 1 in /Users/kenza/Library/CloudStorage/GoogleDrive-bechirikenza@gmail.com/Mon Drive/2023-08_Formation-Wordpress-Openclassrooms/11_Projet-11/wp-includes/media.php on line 801
[19-Mar-2024 22:50:53 UTC] PHP Notice:  Undefined offset: 0 in /Users/kenza/Library/CloudStorage/GoogleDrive-bechirikenza@gmail.com/Mon Drive/2023-08_Formation-Wordpress-Openclassrooms/11_Projet-11/wp-includes/media.php on line 803
[19-Mar-2024 22:50:53 UTC] PHP Notice:  Undefined offset: 1 in /Users/kenza/Library/CloudStorage/GoogleDrive-bechirikenza@gmail.com/Mon Drive/2023-08_Formation-Wordpress-Openclassrooms/11_Projet-11/wp-includes/media.php on line 803
[19-Mar-2024 22:50:53 UTC] PHP Notice:  Undefined offset: 0 in /Users/kenza/Library/CloudStorage/GoogleDrive-bechirikenza@gmail.com/Mon Drive/2023-08_Formation-Wordpress-Openclassrooms/11_Projet-11/wp-includes/media.php on line 806
[19-Mar-2024 22:50:53 UTC] PHP Notice:  Undefined offset: 1 in /Users/kenza/Library/CloudStorage/GoogleDrive-bechirikenza@gmail.com/Mon Drive/2023-08_Formation-Wordpress-Openclassrooms/11_Projet-11/wp-includes/media.php on line 806
[19-Mar-2024 22:50:53 UTC] PHP Notice:  Undefined offset: 0 in /Users/kenza/Library/CloudStorage/GoogleDrive-bechirikenza@gmail.com/Mon Drive/2023-08_Formation-Wordpress-Openclassrooms/11_Projet-11/wp-includes/media.php on line 795
[19-Mar-2024 22:50:53 UTC] PHP Notice:  Undefined offset: 0 in /Users/kenza/Library/CloudStorage/GoogleDrive-bechirikenza@gmail.com/Mon Drive/2023-08_Formation-Wordpress-Openclassrooms/11_Projet-11/wp-includes/media.php on line 801
[19-Mar-2024 22:50:53 UTC] PHP Notice:  Undefined offset: 1 in /Users/kenza/Library/CloudStorage/GoogleDrive-bechirikenza@gmail.com/Mon Drive/2023-08_Formation-Wordpress-Openclassrooms/11_Projet-11/wp-includes/media.php on line 801
[19-Mar-2024 22:50:53 UTC] PHP Notice:  Undefined offset: 0 in /Users/kenza/Library/CloudStorage/GoogleDrive-bechirikenza@gmail.com/Mon Drive/2023-08_Formation-Wordpress-Openclassrooms/11_Projet-11/wp-includes/media.php on line 803
[19-Mar-2024 22:50:53 UTC] PHP Notice:  Undefined offset: 1 in /Users/kenza/Library/CloudStorage/GoogleDrive-bechirikenza@gmail.com/Mon Drive/2023-08_Formation-Wordpress-Openclassrooms/11_Projet-11/wp-includes/media.php on line 803
[19-Mar-2024 22:50:53 UTC] PHP Notice:  Undefined offset: 0 in /Users/kenza/Library/CloudStorage/GoogleDrive-bechirikenza@gmail.com/Mon Drive/2023-08_Formation-Wordpress-Openclassrooms/11_Projet-11/wp-includes/media.php on line 806
[19-Mar-2024 22:50:53 UTC] PHP Notice:  Undefined offset: 1 in /Users/kenza/Library/CloudStorage/GoogleDrive-bechirikenza@gmail.com/Mon Drive/2023-08_Formation-Wordpress-Openclassrooms/11_Projet-11/wp-includes/media.php on line 806
[19-Mar-2024 22:50:53 UTC] PHP Notice:  Undefined offset: 0 in /Users/kenza/Library/CloudStorage/GoogleDrive-bechirikenza@gmail.com/Mon Drive/2023-08_Formation-Wordpress-Openclassrooms/11_Projet-11/wp-includes/media.php on line 827
[19-Mar-2024 22:50:53 UTC] PHP Notice:  Undefined offset: 1 in /Users/kenza/Library/CloudStorage/GoogleDrive-bechirikenza@gmail.com/Mon Drive/2023-08_Formation-Wordpress-Openclassrooms/11_Projet-11/wp-includes/media.php on line 827
[19-Mar-2024 22:50:53 UTC] PHP Notice:  Undefined offset: 0 in /Users/kenza/Library/CloudStorage/GoogleDrive-bechirikenza@gmail.com/Mon Drive/2023-08_Formation-Wordpress-Openclassrooms/11_Projet-11/wp-includes/media.php on line 70
[19-Mar-2024 22:50:53 UTC] PHP Notice:  Undefined offset: 1 in /Users/kenza/Library/CloudStorage/GoogleDrive-bechirikenza@gmail.com/Mon Drive/2023-08_Formation-Wordpress-Openclassrooms/11_Projet-11/wp-includes/media.php on line 71
[19-Mar-2024 22:50:53 UTC] PHP Notice:  Undefined offset: 0 in /Users/kenza/Library/CloudStorage/GoogleDrive-bechirikenza@gmail.com/Mon Drive/2023-08_Formation-Wordpress-Openclassrooms/11_Projet-11/wp-includes/media.php on line 70
[19-Mar-2024 22:50:53 UTC] PHP Notice:  Undefined offset: 1 in /Users/kenza/Library/CloudStorage/GoogleDrive-bechirikenza@gmail.com/Mon Drive/2023-08_Formation-Wordpress-Openclassrooms/11_Projet-11/wp-includes/media.php on line 71
[19-Mar-2024 22:50:53 UTC] PHP Notice:  Undefined offset: 0 in /Users/kenza/Library/CloudStorage/GoogleDrive-bechirikenza@gmail.com/Mon Drive/2023-08_Formation-Wordpress-Openclassrooms/11_Projet-11/wp-includes/media.php on line 795
[19-Mar-2024 22:50:53 UTC] PHP Notice:  Undefined offset: 0 in /Users/kenza/Library/CloudStorage/GoogleDrive-bechirikenza@gmail.com/Mon Drive/2023-08_Formation-Wordpress-Openclassrooms/11_Projet-11/wp-includes/media.php on line 801
[19-Mar-2024 22:50:53 UTC] PHP Notice:  Undefined offset: 1 in /Users/kenza/Library/CloudStorage/GoogleDrive-bechirikenza@gmail.com/Mon Drive/2023-08_Formation-Wordpress-Openclassrooms/11_Projet-11/wp-includes/media.php on line 801
[19-Mar-2024 22:50:53 UTC] PHP Notice:  Undefined offset: 0 in /Users/kenza/Library/CloudStorage/GoogleDrive-bechirikenza@gmail.com/Mon Drive/2023-08_Formation-Wordpress-Openclassrooms/11_Projet-11/wp-includes/media.php on line 803
[19-Mar-2024 22:50:53 UTC] PHP Notice:  Undefined offset: 1 in /Users/kenza/Library/CloudStorage/GoogleDrive-bechirikenza@gmail.com/Mon Drive/2023-08_Formation-Wordpress-Openclassrooms/11_Projet-11/wp-includes/media.php on line 803
[19-Mar-2024 22:50:53 UTC] PHP Notice:  Undefined offset: 0 in /Users/kenza/Library/CloudStorage/GoogleDrive-bechirikenza@gmail.com/Mon Drive/2023-08_Formation-Wordpress-Openclassrooms/11_Projet-11/wp-includes/media.php on line 806
[19-Mar-2024 22:50:53 UTC] PHP Notice:  Undefined offset: 1 in /Users/kenza/Library/CloudStorage/GoogleDrive-bechirikenza@gmail.com/Mon Drive/2023-08_Formation-Wordpress-Openclassrooms/11_Projet-11/wp-includes/media.php on line 806
[19-Mar-2024 22:50:53 UTC] PHP Notice:  Undefined offset: 0 in /Users/kenza/Library/CloudStorage/GoogleDrive-bechirikenza@gmail.com/Mon Drive/2023-08_Formation-Wordpress-Openclassrooms/11_Projet-11/wp-includes/media.php on line 795
[19-Mar-2024 22:50:53 UTC] PHP Notice:  Undefined offset: 0 in /Users/kenza/Library/CloudStorage/GoogleDrive-bechirikenza@gmail.com/Mon Drive/2023-08_Formation-Wordpress-Openclassrooms/11_Projet-11/wp-includes/media.php on line 801
[19-Mar-2024 22:50:53 UTC] PHP Notice:  Undefined offset: 1 in /Users/kenza/Library/CloudStorage/GoogleDrive-bechirikenza@gmail.com/Mon Drive/2023-08_Formation-Wordpress-Openclassrooms/11_Projet-11/wp-includes/media.php on line 801
[19-Mar-2024 22:50:53 UTC] PHP Notice:  Undefined offset: 0 in /Users/kenza/Library/CloudStorage/GoogleDrive-bechirikenza@gmail.com/Mon Drive/2023-08_Formation-Wordpress-Openclassrooms/11_Projet-11/wp-includes/media.php on line 803
[19-Mar-2024 22:50:53 UTC] PHP Notice:  Undefined offset: 1 in /Users/kenza/Library/CloudStorage/GoogleDrive-bechirikenza@gmail.com/Mon Drive/2023-08_Formation-Wordpress-Openclassrooms/11_Projet-11/wp-includes/media.php on line 803
[19-Mar-2024 22:50:53 UTC] PHP Notice:  Undefined offset: 0 in /Users/kenza/Library/CloudStorage/GoogleDrive-bechirikenza@gmail.com/Mon Drive/2023-08_Formation-Wordpress-Openclassrooms/11_Projet-11/wp-includes/media.php on line 806
[19-Mar-2024 22:50:53 UTC] PHP Notice:  Undefined offset: 1 in /Users/kenza/Library/CloudStorage/GoogleDrive-bechirikenza@gmail.com/Mon Drive/2023-08_Formation-Wordpress-Openclassrooms/11_Projet-11/wp-includes/media.php on line 806
[19-Mar-2024 22:50:53 UTC] PHP Notice:  Undefined offset: 0 in /Users/kenza/Library/CloudStorage/GoogleDrive-bechirikenza@gmail.com/Mon Drive/2023-08_Formation-Wordpress-Openclassrooms/11_Projet-11/wp-includes/media.php on line 795
[19-Mar-2024 22:50:53 UTC] PHP Notice:  Undefined offset: 0 in /Users/kenza/Library/CloudStorage/GoogleDrive-bechirikenza@gmail.com/Mon Drive/2023-08_Formation-Wordpress-Openclassrooms/11_Projet-11/wp-includes/media.php on line 801
[19-Mar-2024 22:50:53 UTC] PHP Notice:  Undefined offset: 1 in /Users/kenza/Library/CloudStorage/GoogleDrive-bechirikenza@gmail.com/Mon Drive/2023-08_Formation-Wordpress-Openclassrooms/11_Projet-11/wp-includes/media.php on line 801
[19-Mar-2024 22:50:53 UTC] PHP Notice:  Undefined offset: 0 in /Users/kenza/Library/CloudStorage/GoogleDrive-bechirikenza@gmail.com/Mon Drive/2023-08_Formation-Wordpress-Openclassrooms/11_Projet-11/wp-includes/media.php on line 803
[19-Mar-2024 22:50:53 UTC] PHP Notice:  Undefined offset: 1 in /Users/kenza/Library/CloudStorage/GoogleDrive-bechirikenza@gmail.com/Mon Drive/2023-08_Formation-Wordpress-Openclassrooms/11_Projet-11/wp-includes/media.php on line 803
[19-Mar-2024 22:50:53 UTC] PHP Notice:  Undefined offset: 0 in /Users/kenza/Library/CloudStorage/GoogleDrive-bechirikenza@gmail.com/Mon Drive/2023-08_Formation-Wordpress-Openclassrooms/11_Projet-11/wp-includes/media.php on line 806
[19-Mar-2024 22:50:53 UTC] PHP Notice:  Undefined offset: 1 in /Users/kenza/Library/CloudStorage/GoogleDrive-bechirikenza@gmail.com/Mon Drive/2023-08_Formation-Wordpress-Openclassrooms/11_Projet-11/wp-includes/media.php on line 806
[19-Mar-2024 22:50:53 UTC] PHP Notice:  Undefined offset: 0 in /Users/kenza/Library/CloudStorage/GoogleDrive-bechirikenza@gmail.com/Mon Drive/2023-08_Formation-Wordpress-Openclassrooms/11_Projet-11/wp-includes/media.php on line 795
[19-Mar-2024 22:50:53 UTC] PHP Notice:  Undefined offset: 0 in /Users/kenza/Library/CloudStorage/GoogleDrive-bechirikenza@gmail.com/Mon Drive/2023-08_Formation-Wordpress-Openclassrooms/11_Projet-11/wp-includes/media.php on line 801
[19-Mar-2024 22:50:53 UTC] PHP Notice:  Undefined offset: 1 in /Users/kenza/Library/CloudStorage/GoogleDrive-bechirikenza@gmail.com/Mon Drive/2023-08_Formation-Wordpress-Openclassrooms/11_Projet-11/wp-includes/media.php on line 801
[19-Mar-2024 22:50:53 UTC] PHP Notice:  Undefined offset: 0 in /Users/kenza/Library/CloudStorage/GoogleDrive-bechirikenza@gmail.com/Mon Drive/2023-08_Formation-Wordpress-Openclassrooms/11_Projet-11/wp-includes/media.php on line 803
[19-Mar-2024 22:50:53 UTC] PHP Notice:  Undefined offset: 1 in /Users/kenza/Library/CloudStorage/GoogleDrive-bechirikenza@gmail.com/Mon Drive/2023-08_Formation-Wordpress-Openclassrooms/11_Projet-11/wp-includes/media.php on line 803
[19-Mar-2024 22:50:53 UTC] PHP Notice:  Undefined offset: 0 in /Users/kenza/Library/CloudStorage/GoogleDrive-bechirikenza@gmail.com/Mon Drive/2023-08_Formation-Wordpress-Openclassrooms/11_Projet-11/wp-includes/media.php on line 806
[19-Mar-2024 22:50:53 UTC] PHP Notice:  Undefined offset: 1 in /Users/kenza/Library/CloudStorage/GoogleDrive-bechirikenza@gmail.com/Mon Drive/2023-08_Formation-Wordpress-Openclassrooms/11_Projet-11/wp-includes/media.php on line 806
[19-Mar-2024 22:50:53 UTC] PHP Notice:  Undefined offset: 0 in /Users/kenza/Library/CloudStorage/GoogleDrive-bechirikenza@gmail.com/Mon Drive/2023-08_Formation-Wordpress-Openclassrooms/11_Projet-11/wp-includes/media.php on line 795
[19-Mar-2024 22:50:53 UTC] PHP Notice:  Undefined offset: 0 in /Users/kenza/Library/CloudStorage/GoogleDrive-bechirikenza@gmail.com/Mon Drive/2023-08_Formation-Wordpress-Openclassrooms/11_Projet-11/wp-includes/media.php on line 801
[19-Mar-2024 22:50:53 UTC] PHP Notice:  Undefined offset: 1 in /Users/kenza/Library/CloudStorage/GoogleDrive-bechirikenza@gmail.com/Mon Drive/2023-08_Formation-Wordpress-Openclassrooms/11_Projet-11/wp-includes/media.php on line 801
[19-Mar-2024 22:50:53 UTC] PHP Notice:  Undefined offset: 0 in /Users/kenza/Library/CloudStorage/GoogleDrive-bechirikenza@gmail.com/Mon Drive/2023-08_Formation-Wordpress-Openclassrooms/11_Projet-11/wp-includes/media.php on line 803
[19-Mar-2024 22:50:53 UTC] PHP Notice:  Undefined offset: 1 in /Users/kenza/Library/CloudStorage/GoogleDrive-bechirikenza@gmail.com/Mon Drive/2023-08_Formation-Wordpress-Openclassrooms/11_Projet-11/wp-includes/media.php on line 803
[19-Mar-2024 22:50:53 UTC] PHP Notice:  Undefined offset: 0 in /Users/kenza/Library/CloudStorage/GoogleDrive-bechirikenza@gmail.com/Mon Drive/2023-08_Formation-Wordpress-Openclassrooms/11_Projet-11/wp-includes/media.php on line 806
[19-Mar-2024 22:50:53 UTC] PHP Notice:  Undefined offset: 1 in /Users/kenza/Library/CloudStorage/GoogleDrive-bechirikenza@gmail.com/Mon Drive/2023-08_Formation-Wordpress-Openclassrooms/11_Projet-11/wp-includes/media.php on line 806
[19-Mar-2024 22:50:53 UTC] PHP Notice:  Undefined offset: 0 in /Users/kenza/Library/CloudStorage/GoogleDrive-bechirikenza@gmail.com/Mon Drive/2023-08_Formation-Wordpress-Openclassrooms/11_Projet-11/wp-includes/media.php on line 795
[19-Mar-2024 22:50:53 UTC] PHP Notice:  Undefined offset: 0 in /Users/kenza/Library/CloudStorage/GoogleDrive-bechirikenza@gmail.com/Mon Drive/2023-08_Formation-Wordpress-Openclassrooms/11_Projet-11/wp-includes/media.php on line 801
[19-Mar-2024 22:50:53 UTC] PHP Notice:  Undefined offset: 1 in /Users/kenza/Library/CloudStorage/GoogleDrive-bechirikenza@gmail.com/Mon Drive/2023-08_Formation-Wordpress-Openclassrooms/11_Projet-11/wp-includes/media.php on line 801
[19-Mar-2024 22:50:53 UTC] PHP Notice:  Undefined offset: 0 in /Users/kenza/Library/CloudStorage/GoogleDrive-bechirikenza@gmail.com/Mon Drive/2023-08_Formation-Wordpress-Openclassrooms/11_Projet-11/wp-includes/media.php on line 803
[19-Mar-2024 22:50:53 UTC] PHP Notice:  Undefined offset: 1 in /Users/kenza/Library/CloudStorage/GoogleDrive-bechirikenza@gmail.com/Mon Drive/2023-08_Formation-Wordpress-Openclassrooms/11_Projet-11/wp-includes/media.php on line 803
[19-Mar-2024 22:50:53 UTC] PHP Notice:  Undefined offset: 0 in /Users/kenza/Library/CloudStorage/GoogleDrive-bechirikenza@gmail.com/Mon Drive/2023-08_Formation-Wordpress-Openclassrooms/11_Projet-11/wp-includes/media.php on line 806
[19-Mar-2024 22:50:53 UTC] PHP Notice:  Undefined offset: 1 in /Users/kenza/Library/CloudStorage/GoogleDrive-bechirikenza@gmail.com/Mon Drive/2023-08_Formation-Wordpress-Openclassrooms/11_Projet-11/wp-includes/media.php on line 806
[19-Mar-2024 22:50:53 UTC] PHP Notice:  Undefined offset: 0 in /Users/kenza/Library/CloudStorage/GoogleDrive-bechirikenza@gmail.com/Mon Drive/2023-08_Formation-Wordpress-Openclassrooms/11_Projet-11/wp-includes/media.php on line 827
[19-Mar-2024 22:50:53 UTC] PHP Notice:  Undefined offset: 1 in /Users/kenza/Library/CloudStorage/GoogleDrive-bechirikenza@gmail.com/Mon Drive/2023-08_Formation-Wordpress-Openclassrooms/11_Projet-11/wp-includes/media.php on line 827
[19-Mar-2024 22:50:53 UTC] PHP Notice:  Undefined offset: 0 in /Users/kenza/Library/CloudStorage/GoogleDrive-bechirikenza@gmail.com/Mon Drive/2023-08_Formation-Wordpress-Openclassrooms/11_Projet-11/wp-includes/media.php on line 70
[19-Mar-2024 22:50:53 UTC] PHP Notice:  Undefined offset: 1 in /Users/kenza/Library/CloudStorage/GoogleDrive-bechirikenza@gmail.com/Mon Drive/2023-08_Formation-Wordpress-Openclassrooms/11_Projet-11/wp-includes/media.php on line 71
[19-Mar-2024 22:50:53 UTC] PHP Notice:  Undefined offset: 0 in /Users/kenza/Library/CloudStorage/GoogleDrive-bechirikenza@gmail.com/Mon Drive/2023-08_Formation-Wordpress-Openclassrooms/11_Projet-11/wp-includes/media.php on line 70
[19-Mar-2024 22:50:53 UTC] PHP Notice:  Undefined offset: 1 in /Users/kenza/Library/CloudStorage/GoogleDrive-bechirikenza@gmail.com/Mon Drive/2023-08_Formation-Wordpress-Openclassrooms/11_Projet-11/wp-includes/media.php on line 71
[19-Mar-2024 22:51:53 UTC] PHP Notice:  Undefined offset: 0 in /Users/kenza/Library/CloudStorage/GoogleDrive-bechirikenza@gmail.com/Mon Drive/2023-08_Formation-Wordpress-Openclassrooms/11_Projet-11/wp-includes/media.php on line 795
[19-Mar-2024 22:51:53 UTC] PHP Notice:  Undefined offset: 0 in /Users/kenza/Library/CloudStorage/GoogleDrive-bechirikenza@gmail.com/Mon Drive/2023-08_Formation-Wordpress-Openclassrooms/11_Projet-11/wp-includes/media.php on line 801
[19-Mar-2024 22:51:53 UTC] PHP Notice:  Undefined offset: 1 in /Users/kenza/Library/CloudStorage/GoogleDrive-bechirikenza@gmail.com/Mon Drive/2023-08_Formation-Wordpress-Openclassrooms/11_Projet-11/wp-includes/media.php on line 801
[19-Mar-2024 22:51:53 UTC] PHP Notice:  Undefined offset: 0 in /Users/kenza/Library/CloudStorage/GoogleDrive-bechirikenza@gmail.com/Mon Drive/2023-08_Formation-Wordpress-Openclassrooms/11_Projet-11/wp-includes/media.php on line 803
[19-Mar-2024 22:51:53 UTC] PHP Notice:  Undefined offset: 1 in /Users/kenza/Library/CloudStorage/GoogleDrive-bechirikenza@gmail.com/Mon Drive/2023-08_Formation-Wordpress-Openclassrooms/11_Projet-11/wp-includes/media.php on line 803
[19-Mar-2024 22:51:53 UTC] PHP Notice:  Undefined offset: 0 in /Users/kenza/Library/CloudStorage/GoogleDrive-bechirikenza@gmail.com/Mon Drive/2023-08_Formation-Wordpress-Openclassrooms/11_Projet-11/wp-includes/media.php on line 806
[19-Mar-2024 22:51:53 UTC] PHP Notice:  Undefined offset: 1 in /Users/kenza/Library/CloudStorage/GoogleDrive-bechirikenza@gmail.com/Mon Drive/2023-08_Formation-Wordpress-Openclassrooms/11_Projet-11/wp-includes/media.php on line 806
[19-Mar-2024 22:51:53 UTC] PHP Notice:  Undefined offset: 0 in /Users/kenza/Library/CloudStorage/GoogleDrive-bechirikenza@gmail.com/Mon Drive/2023-08_Formation-Wordpress-Openclassrooms/11_Projet-11/wp-includes/media.php on line 795
[19-Mar-2024 22:51:53 UTC] PHP Notice:  Undefined offset: 0 in /Users/kenza/Library/CloudStorage/GoogleDrive-bechirikenza@gmail.com/Mon Drive/2023-08_Formation-Wordpress-Openclassrooms/11_Projet-11/wp-includes/media.php on line 801
[19-Mar-2024 22:51:53 UTC] PHP Notice:  Undefined offset: 1 in /Users/kenza/Library/CloudStorage/GoogleDrive-bechirikenza@gmail.com/Mon Drive/2023-08_Formation-Wordpress-Openclassrooms/11_Projet-11/wp-includes/media.php on line 801
[19-Mar-2024 22:51:53 UTC] PHP Notice:  Undefined offset: 0 in /Users/kenza/Library/CloudStorage/GoogleDrive-bechirikenza@gmail.com/Mon Drive/2023-08_Formation-Wordpress-Openclassrooms/11_Projet-11/wp-includes/media.php on line 803
[19-Mar-2024 22:51:53 UTC] PHP Notice:  Undefined offset: 1 in /Users/kenza/Library/CloudStorage/GoogleDrive-bechirikenza@gmail.com/Mon Drive/2023-08_Formation-Wordpress-Openclassrooms/11_Projet-11/wp-includes/media.php on line 803
[19-Mar-2024 22:51:53 UTC] PHP Notice:  Undefined offset: 0 in /Users/kenza/Library/CloudStorage/GoogleDrive-bechirikenza@gmail.com/Mon Drive/2023-08_Formation-Wordpress-Openclassrooms/11_Projet-11/wp-includes/media.php on line 806
[19-Mar-2024 22:51:53 UTC] PHP Notice:  Undefined offset: 1 in /Users/kenza/Library/CloudStorage/GoogleDrive-bechirikenza@gmail.com/Mon Drive/2023-08_Formation-Wordpress-Openclassrooms/11_Projet-11/wp-includes/media.php on line 806
[19-Mar-2024 22:51:53 UTC] PHP Notice:  Undefined offset: 0 in /Users/kenza/Library/CloudStorage/GoogleDrive-bechirikenza@gmail.com/Mon Drive/2023-08_Formation-Wordpress-Openclassrooms/11_Projet-11/wp-includes/media.php on line 795
[19-Mar-2024 22:51:53 UTC] PHP Notice:  Undefined offset: 0 in /Users/kenza/Library/CloudStorage/GoogleDrive-bechirikenza@gmail.com/Mon Drive/2023-08_Formation-Wordpress-Openclassrooms/11_Projet-11/wp-includes/media.php on line 801
[19-Mar-2024 22:51:53 UTC] PHP Notice:  Undefined offset: 1 in /Users/kenza/Library/CloudStorage/GoogleDrive-bechirikenza@gmail.com/Mon Drive/2023-08_Formation-Wordpress-Openclassrooms/11_Projet-11/wp-includes/media.php on line 801
[19-Mar-2024 22:51:53 UTC] PHP Notice:  Undefined offset: 0 in /Users/kenza/Library/CloudStorage/GoogleDrive-bechirikenza@gmail.com/Mon Drive/2023-08_Formation-Wordpress-Openclassrooms/11_Projet-11/wp-includes/media.php on line 803
[19-Mar-2024 22:51:53 UTC] PHP Notice:  Undefined offset: 1 in /Users/kenza/Library/CloudStorage/GoogleDrive-bechirikenza@gmail.com/Mon Drive/2023-08_Formation-Wordpress-Openclassrooms/11_Projet-11/wp-includes/media.php on line 803
[19-Mar-2024 22:51:53 UTC] PHP Notice:  Undefined offset: 0 in /Users/kenza/Library/CloudStorage/GoogleDrive-bechirikenza@gmail.com/Mon Drive/2023-08_Formation-Wordpress-Openclassrooms/11_Projet-11/wp-includes/media.php on line 806
[19-Mar-2024 22:51:53 UTC] PHP Notice:  Undefined offset: 1 in /Users/kenza/Library/CloudStorage/GoogleDrive-bechirikenza@gmail.com/Mon Drive/2023-08_Formation-Wordpress-Openclassrooms/11_Projet-11/wp-includes/media.php on line 806
[19-Mar-2024 22:51:53 UTC] PHP Notice:  Undefined offset: 0 in /Users/kenza/Library/CloudStorage/GoogleDrive-bechirikenza@gmail.com/Mon Drive/2023-08_Formation-Wordpress-Openclassrooms/11_Projet-11/wp-includes/media.php on line 795
[19-Mar-2024 22:51:53 UTC] PHP Notice:  Undefined offset: 0 in /Users/kenza/Library/CloudStorage/GoogleDrive-bechirikenza@gmail.com/Mon Drive/2023-08_Formation-Wordpress-Openclassrooms/11_Projet-11/wp-includes/media.php on line 801
[19-Mar-2024 22:51:53 UTC] PHP Notice:  Undefined offset: 1 in /Users/kenza/Library/CloudStorage/GoogleDrive-bechirikenza@gmail.com/Mon Drive/2023-08_Formation-Wordpress-Openclassrooms/11_Projet-11/wp-includes/media.php on line 801
[19-Mar-2024 22:51:53 UTC] PHP Notice:  Undefined offset: 0 in /Users/kenza/Library/CloudStorage/GoogleDrive-bechirikenza@gmail.com/Mon Drive/2023-08_Formation-Wordpress-Openclassrooms/11_Projet-11/wp-includes/media.php on line 803
[19-Mar-2024 22:51:53 UTC] PHP Notice:  Undefined offset: 1 in /Users/kenza/Library/CloudStorage/GoogleDrive-bechirikenza@gmail.com/Mon Drive/2023-08_Formation-Wordpress-Openclassrooms/11_Projet-11/wp-includes/media.php on line 803
[19-Mar-2024 22:51:53 UTC] PHP Notice:  Undefined offset: 0 in /Users/kenza/Library/CloudStorage/GoogleDrive-bechirikenza@gmail.com/Mon Drive/2023-08_Formation-Wordpress-Openclassrooms/11_Projet-11/wp-includes/media.php on line 806
[19-Mar-2024 22:51:53 UTC] PHP Notice:  Undefined offset: 1 in /Users/kenza/Library/CloudStorage/GoogleDrive-bechirikenza@gmail.com/Mon Drive/2023-08_Formation-Wordpress-Openclassrooms/11_Projet-11/wp-includes/media.php on line 806
[19-Mar-2024 22:51:53 UTC] PHP Notice:  Undefined offset: 0 in /Users/kenza/Library/CloudStorage/GoogleDrive-bechirikenza@gmail.com/Mon Drive/2023-08_Formation-Wordpress-Openclassrooms/11_Projet-11/wp-includes/media.php on line 795
[19-Mar-2024 22:51:53 UTC] PHP Notice:  Undefined offset: 0 in /Users/kenza/Library/CloudStorage/GoogleDrive-bechirikenza@gmail.com/Mon Drive/2023-08_Formation-Wordpress-Openclassrooms/11_Projet-11/wp-includes/media.php on line 801
[19-Mar-2024 22:51:53 UTC] PHP Notice:  Undefined offset: 1 in /Users/kenza/Library/CloudStorage/GoogleDrive-bechirikenza@gmail.com/Mon Drive/2023-08_Formation-Wordpress-Openclassrooms/11_Projet-11/wp-includes/media.php on line 801
[19-Mar-2024 22:51:53 UTC] PHP Notice:  Undefined offset: 0 in /Users/kenza/Library/CloudStorage/GoogleDrive-bechirikenza@gmail.com/Mon Drive/2023-08_Formation-Wordpress-Openclassrooms/11_Projet-11/wp-includes/media.php on line 803
[19-Mar-2024 22:51:53 UTC] PHP Notice:  Undefined offset: 1 in /Users/kenza/Library/CloudStorage/GoogleDrive-bechirikenza@gmail.com/Mon Drive/2023-08_Formation-Wordpress-Openclassrooms/11_Projet-11/wp-includes/media.php on line 803
[19-Mar-2024 22:51:53 UTC] PHP Notice:  Undefined offset: 0 in /Users/kenza/Library/CloudStorage/GoogleDrive-bechirikenza@gmail.com/Mon Drive/2023-08_Formation-Wordpress-Openclassrooms/11_Projet-11/wp-includes/media.php on line 806
[19-Mar-2024 22:51:53 UTC] PHP Notice:  Undefined offset: 1 in /Users/kenza/Library/CloudStorage/GoogleDrive-bechirikenza@gmail.com/Mon Drive/2023-08_Formation-Wordpress-Openclassrooms/11_Projet-11/wp-includes/media.php on line 806
[19-Mar-2024 22:51:53 UTC] PHP Notice:  Undefined offset: 0 in /Users/kenza/Library/CloudStorage/GoogleDrive-bechirikenza@gmail.com/Mon Drive/2023-08_Formation-Wordpress-Openclassrooms/11_Projet-11/wp-includes/media.php on line 795
[19-Mar-2024 22:51:53 UTC] PHP Notice:  Undefined offset: 0 in /Users/kenza/Library/CloudStorage/GoogleDrive-bechirikenza@gmail.com/Mon Drive/2023-08_Formation-Wordpress-Openclassrooms/11_Projet-11/wp-includes/media.php on line 801
[19-Mar-2024 22:51:53 UTC] PHP Notice:  Undefined offset: 1 in /Users/kenza/Library/CloudStorage/GoogleDrive-bechirikenza@gmail.com/Mon Drive/2023-08_Formation-Wordpress-Openclassrooms/11_Projet-11/wp-includes/media.php on line 801
[19-Mar-2024 22:51:53 UTC] PHP Notice:  Undefined offset: 0 in /Users/kenza/Library/CloudStorage/GoogleDrive-bechirikenza@gmail.com/Mon Drive/2023-08_Formation-Wordpress-Openclassrooms/11_Projet-11/wp-includes/media.php on line 803
[19-Mar-2024 22:51:53 UTC] PHP Notice:  Undefined offset: 1 in /Users/kenza/Library/CloudStorage/GoogleDrive-bechirikenza@gmail.com/Mon Drive/2023-08_Formation-Wordpress-Openclassrooms/11_Projet-11/wp-includes/media.php on line 803
[19-Mar-2024 22:51:53 UTC] PHP Notice:  Undefined offset: 0 in /Users/kenza/Library/CloudStorage/GoogleDrive-bechirikenza@gmail.com/Mon Drive/2023-08_Formation-Wordpress-Openclassrooms/11_Projet-11/wp-includes/media.php on line 806
[19-Mar-2024 22:51:53 UTC] PHP Notice:  Undefined offset: 1 in /Users/kenza/Library/CloudStorage/GoogleDrive-bechirikenza@gmail.com/Mon Drive/2023-08_Formation-Wordpress-Openclassrooms/11_Projet-11/wp-includes/media.php on line 806
[19-Mar-2024 22:51:53 UTC] PHP Notice:  Undefined offset: 0 in /Users/kenza/Library/CloudStorage/GoogleDrive-bechirikenza@gmail.com/Mon Drive/2023-08_Formation-Wordpress-Openclassrooms/11_Projet-11/wp-includes/media.php on line 827
[19-Mar-2024 22:51:53 UTC] PHP Notice:  Undefined offset: 1 in /Users/kenza/Library/CloudStorage/GoogleDrive-bechirikenza@gmail.com/Mon Drive/2023-08_Formation-Wordpress-Openclassrooms/11_Projet-11/wp-includes/media.php on line 827
[19-Mar-2024 22:51:53 UTC] PHP Notice:  Undefined offset: 0 in /Users/kenza/Library/CloudStorage/GoogleDrive-bechirikenza@gmail.com/Mon Drive/2023-08_Formation-Wordpress-Openclassrooms/11_Projet-11/wp-includes/media.php on line 70
[19-Mar-2024 22:51:53 UTC] PHP Notice:  Undefined offset: 1 in /Users/kenza/Library/CloudStorage/GoogleDrive-bechirikenza@gmail.com/Mon Drive/2023-08_Formation-Wordpress-Openclassrooms/11_Projet-11/wp-includes/media.php on line 71
[19-Mar-2024 22:51:53 UTC] PHP Notice:  Undefined offset: 0 in /Users/kenza/Library/CloudStorage/GoogleDrive-bechirikenza@gmail.com/Mon Drive/2023-08_Formation-Wordpress-Openclassrooms/11_Projet-11/wp-includes/media.php on line 70
[19-Mar-2024 22:51:53 UTC] PHP Notice:  Undefined offset: 1 in /Users/kenza/Library/CloudStorage/GoogleDrive-bechirikenza@gmail.com/Mon Drive/2023-08_Formation-Wordpress-Openclassrooms/11_Projet-11/wp-includes/media.php on line 71
[19-Mar-2024 22:51:53 UTC] PHP Notice:  Undefined offset: 0 in /Users/kenza/Library/CloudStorage/GoogleDrive-bechirikenza@gmail.com/Mon Drive/2023-08_Formation-Wordpress-Openclassrooms/11_Projet-11/wp-includes/media.php on line 795
[19-Mar-2024 22:51:53 UTC] PHP Notice:  Undefined offset: 0 in /Users/kenza/Library/CloudStorage/GoogleDrive-bechirikenza@gmail.com/Mon Drive/2023-08_Formation-Wordpress-Openclassrooms/11_Projet-11/wp-includes/media.php on line 801
[19-Mar-2024 22:51:53 UTC] PHP Notice:  Undefined offset: 1 in /Users/kenza/Library/CloudStorage/GoogleDrive-bechirikenza@gmail.com/Mon Drive/2023-08_Formation-Wordpress-Openclassrooms/11_Projet-11/wp-includes/media.php on line 801
[19-Mar-2024 22:51:53 UTC] PHP Notice:  Undefined offset: 0 in /Users/kenza/Library/CloudStorage/GoogleDrive-bechirikenza@gmail.com/Mon Drive/2023-08_Formation-Wordpress-Openclassrooms/11_Projet-11/wp-includes/media.php on line 803
[19-Mar-2024 22:51:53 UTC] PHP Notice:  Undefined offset: 1 in /Users/kenza/Library/CloudStorage/GoogleDrive-bechirikenza@gmail.com/Mon Drive/2023-08_Formation-Wordpress-Openclassrooms/11_Projet-11/wp-includes/media.php on line 803
[19-Mar-2024 22:51:53 UTC] PHP Notice:  Undefined offset: 0 in /Users/kenza/Library/CloudStorage/GoogleDrive-bechirikenza@gmail.com/Mon Drive/2023-08_Formation-Wordpress-Openclassrooms/11_Projet-11/wp-includes/media.php on line 806
[19-Mar-2024 22:51:53 UTC] PHP Notice:  Undefined offset: 1 in /Users/kenza/Library/CloudStorage/GoogleDrive-bechirikenza@gmail.com/Mon Drive/2023-08_Formation-Wordpress-Openclassrooms/11_Projet-11/wp-includes/media.php on line 806
[19-Mar-2024 22:51:53 UTC] PHP Notice:  Undefined offset: 0 in /Users/kenza/Library/CloudStorage/GoogleDrive-bechirikenza@gmail.com/Mon Drive/2023-08_Formation-Wordpress-Openclassrooms/11_Projet-11/wp-includes/media.php on line 795
[19-Mar-2024 22:51:53 UTC] PHP Notice:  Undefined offset: 0 in /Users/kenza/Library/CloudStorage/GoogleDrive-bechirikenza@gmail.com/Mon Drive/2023-08_Formation-Wordpress-Openclassrooms/11_Projet-11/wp-includes/media.php on line 801
[19-Mar-2024 22:51:53 UTC] PHP Notice:  Undefined offset: 1 in /Users/kenza/Library/CloudStorage/GoogleDrive-bechirikenza@gmail.com/Mon Drive/2023-08_Formation-Wordpress-Openclassrooms/11_Projet-11/wp-includes/media.php on line 801
[19-Mar-2024 22:51:53 UTC] PHP Notice:  Undefined offset: 0 in /Users/kenza/Library/CloudStorage/GoogleDrive-bechirikenza@gmail.com/Mon Drive/2023-08_Formation-Wordpress-Openclassrooms/11_Projet-11/wp-includes/media.php on line 803
[19-Mar-2024 22:51:53 UTC] PHP Notice:  Undefined offset: 1 in /Users/kenza/Library/CloudStorage/GoogleDrive-bechirikenza@gmail.com/Mon Drive/2023-08_Formation-Wordpress-Openclassrooms/11_Projet-11/wp-includes/media.php on line 803
[19-Mar-2024 22:51:53 UTC] PHP Notice:  Undefined offset: 0 in /Users/kenza/Library/CloudStorage/GoogleDrive-bechirikenza@gmail.com/Mon Drive/2023-08_Formation-Wordpress-Openclassrooms/11_Projet-11/wp-includes/media.php on line 806
[19-Mar-2024 22:51:53 UTC] PHP Notice:  Undefined offset: 1 in /Users/kenza/Library/CloudStorage/GoogleDrive-bechirikenza@gmail.com/Mon Drive/2023-08_Formation-Wordpress-Openclassrooms/11_Projet-11/wp-includes/media.php on line 806
[19-Mar-2024 22:51:53 UTC] PHP Notice:  Undefined offset: 0 in /Users/kenza/Library/CloudStorage/GoogleDrive-bechirikenza@gmail.com/Mon Drive/2023-08_Formation-Wordpress-Openclassrooms/11_Projet-11/wp-includes/media.php on line 795
[19-Mar-2024 22:51:53 UTC] PHP Notice:  Undefined offset: 0 in /Users/kenza/Library/CloudStorage/GoogleDrive-bechirikenza@gmail.com/Mon Drive/2023-08_Formation-Wordpress-Openclassrooms/11_Projet-11/wp-includes/media.php on line 801
[19-Mar-2024 22:51:53 UTC] PHP Notice:  Undefined offset: 1 in /Users/kenza/Library/CloudStorage/GoogleDrive-bechirikenza@gmail.com/Mon Drive/2023-08_Formation-Wordpress-Openclassrooms/11_Projet-11/wp-includes/media.php on line 801
[19-Mar-2024 22:51:53 UTC] PHP Notice:  Undefined offset: 0 in /Users/kenza/Library/CloudStorage/GoogleDrive-bechirikenza@gmail.com/Mon Drive/2023-08_Formation-Wordpress-Openclassrooms/11_Projet-11/wp-includes/media.php on line 803
[19-Mar-2024 22:51:53 UTC] PHP Notice:  Undefined offset: 1 in /Users/kenza/Library/CloudStorage/GoogleDrive-bechirikenza@gmail.com/Mon Drive/2023-08_Formation-Wordpress-Openclassrooms/11_Projet-11/wp-includes/media.php on line 803
[19-Mar-2024 22:51:53 UTC] PHP Notice:  Undefined offset: 0 in /Users/kenza/Library/CloudStorage/GoogleDrive-bechirikenza@gmail.com/Mon Drive/2023-08_Formation-Wordpress-Openclassrooms/11_Projet-11/wp-includes/media.php on line 806
[19-Mar-2024 22:51:53 UTC] PHP Notice:  Undefined offset: 1 in /Users/kenza/Library/CloudStorage/GoogleDrive-bechirikenza@gmail.com/Mon Drive/2023-08_Formation-Wordpress-Openclassrooms/11_Projet-11/wp-includes/media.php on line 806
[19-Mar-2024 22:51:53 UTC] PHP Notice:  Undefined offset: 0 in /Users/kenza/Library/CloudStorage/GoogleDrive-bechirikenza@gmail.com/Mon Drive/2023-08_Formation-Wordpress-Openclassrooms/11_Projet-11/wp-includes/media.php on line 795
[19-Mar-2024 22:51:53 UTC] PHP Notice:  Undefined offset: 0 in /Users/kenza/Library/CloudStorage/GoogleDrive-bechirikenza@gmail.com/Mon Drive/2023-08_Formation-Wordpress-Openclassrooms/11_Projet-11/wp-includes/media.php on line 801
[19-Mar-2024 22:51:53 UTC] PHP Notice:  Undefined offset: 1 in /Users/kenza/Library/CloudStorage/GoogleDrive-bechirikenza@gmail.com/Mon Drive/2023-08_Formation-Wordpress-Openclassrooms/11_Projet-11/wp-includes/media.php on line 801
[19-Mar-2024 22:51:53 UTC] PHP Notice:  Undefined offset: 0 in /Users/kenza/Library/CloudStorage/GoogleDrive-bechirikenza@gmail.com/Mon Drive/2023-08_Formation-Wordpress-Openclassrooms/11_Projet-11/wp-includes/media.php on line 803
[19-Mar-2024 22:51:53 UTC] PHP Notice:  Undefined offset: 1 in /Users/kenza/Library/CloudStorage/GoogleDrive-bechirikenza@gmail.com/Mon Drive/2023-08_Formation-Wordpress-Openclassrooms/11_Projet-11/wp-includes/media.php on line 803
[19-Mar-2024 22:51:53 UTC] PHP Notice:  Undefined offset: 0 in /Users/kenza/Library/CloudStorage/GoogleDrive-bechirikenza@gmail.com/Mon Drive/2023-08_Formation-Wordpress-Openclassrooms/11_Projet-11/wp-includes/media.php on line 806
[19-Mar-2024 22:51:53 UTC] PHP Notice:  Undefined offset: 1 in /Users/kenza/Library/CloudStorage/GoogleDrive-bechirikenza@gmail.com/Mon Drive/2023-08_Formation-Wordpress-Openclassrooms/11_Projet-11/wp-includes/media.php on line 806
[19-Mar-2024 22:51:53 UTC] PHP Notice:  Undefined offset: 0 in /Users/kenza/Library/CloudStorage/GoogleDrive-bechirikenza@gmail.com/Mon Drive/2023-08_Formation-Wordpress-Openclassrooms/11_Projet-11/wp-includes/media.php on line 795
[19-Mar-2024 22:51:53 UTC] PHP Notice:  Undefined offset: 0 in /Users/kenza/Library/CloudStorage/GoogleDrive-bechirikenza@gmail.com/Mon Drive/2023-08_Formation-Wordpress-Openclassrooms/11_Projet-11/wp-includes/media.php on line 801
[19-Mar-2024 22:51:53 UTC] PHP Notice:  Undefined offset: 1 in /Users/kenza/Library/CloudStorage/GoogleDrive-bechirikenza@gmail.com/Mon Drive/2023-08_Formation-Wordpress-Openclassrooms/11_Projet-11/wp-includes/media.php on line 801
[19-Mar-2024 22:51:53 UTC] PHP Notice:  Undefined offset: 0 in /Users/kenza/Library/CloudStorage/GoogleDrive-bechirikenza@gmail.com/Mon Drive/2023-08_Formation-Wordpress-Openclassrooms/11_Projet-11/wp-includes/media.php on line 803
[19-Mar-2024 22:51:53 UTC] PHP Notice:  Undefined offset: 1 in /Users/kenza/Library/CloudStorage/GoogleDrive-bechirikenza@gmail.com/Mon Drive/2023-08_Formation-Wordpress-Openclassrooms/11_Projet-11/wp-includes/media.php on line 803
[19-Mar-2024 22:51:53 UTC] PHP Notice:  Undefined offset: 0 in /Users/kenza/Library/CloudStorage/GoogleDrive-bechirikenza@gmail.com/Mon Drive/2023-08_Formation-Wordpress-Openclassrooms/11_Projet-11/wp-includes/media.php on line 806
[19-Mar-2024 22:51:53 UTC] PHP Notice:  Undefined offset: 1 in /Users/kenza/Library/CloudStorage/GoogleDrive-bechirikenza@gmail.com/Mon Drive/2023-08_Formation-Wordpress-Openclassrooms/11_Projet-11/wp-includes/media.php on line 806
[19-Mar-2024 22:51:53 UTC] PHP Notice:  Undefined offset: 0 in /Users/kenza/Library/CloudStorage/GoogleDrive-bechirikenza@gmail.com/Mon Drive/2023-08_Formation-Wordpress-Openclassrooms/11_Projet-11/wp-includes/media.php on line 795
[19-Mar-2024 22:51:53 UTC] PHP Notice:  Undefined offset: 0 in /Users/kenza/Library/CloudStorage/GoogleDrive-bechirikenza@gmail.com/Mon Drive/2023-08_Formation-Wordpress-Openclassrooms/11_Projet-11/wp-includes/media.php on line 801
[19-Mar-2024 22:51:53 UTC] PHP Notice:  Undefined offset: 1 in /Users/kenza/Library/CloudStorage/GoogleDrive-bechirikenza@gmail.com/Mon Drive/2023-08_Formation-Wordpress-Openclassrooms/11_Projet-11/wp-includes/media.php on line 801
[19-Mar-2024 22:51:53 UTC] PHP Notice:  Undefined offset: 0 in /Users/kenza/Library/CloudStorage/GoogleDrive-bechirikenza@gmail.com/Mon Drive/2023-08_Formation-Wordpress-Openclassrooms/11_Projet-11/wp-includes/media.php on line 803
[19-Mar-2024 22:51:53 UTC] PHP Notice:  Undefined offset: 1 in /Users/kenza/Library/CloudStorage/GoogleDrive-bechirikenza@gmail.com/Mon Drive/2023-08_Formation-Wordpress-Openclassrooms/11_Projet-11/wp-includes/media.php on line 803
[19-Mar-2024 22:51:53 UTC] PHP Notice:  Undefined offset: 0 in /Users/kenza/Library/CloudStorage/GoogleDrive-bechirikenza@gmail.com/Mon Drive/2023-08_Formation-Wordpress-Openclassrooms/11_Projet-11/wp-includes/media.php on line 806
[19-Mar-2024 22:51:53 UTC] PHP Notice:  Undefined offset: 1 in /Users/kenza/Library/CloudStorage/GoogleDrive-bechirikenza@gmail.com/Mon Drive/2023-08_Formation-Wordpress-Openclassrooms/11_Projet-11/wp-includes/media.php on line 806
[19-Mar-2024 22:51:53 UTC] PHP Notice:  Undefined offset: 0 in /Users/kenza/Library/CloudStorage/GoogleDrive-bechirikenza@gmail.com/Mon Drive/2023-08_Formation-Wordpress-Openclassrooms/11_Projet-11/wp-includes/media.php on line 827
[19-Mar-2024 22:51:53 UTC] PHP Notice:  Undefined offset: 1 in /Users/kenza/Library/CloudStorage/GoogleDrive-bechirikenza@gmail.com/Mon Drive/2023-08_Formation-Wordpress-Openclassrooms/11_Projet-11/wp-includes/media.php on line 827
[19-Mar-2024 22:51:53 UTC] PHP Notice:  Undefined offset: 0 in /Users/kenza/Library/CloudStorage/GoogleDrive-bechirikenza@gmail.com/Mon Drive/2023-08_Formation-Wordpress-Openclassrooms/11_Projet-11/wp-includes/media.php on line 70
[19-Mar-2024 22:51:53 UTC] PHP Notice:  Undefined offset: 1 in /Users/kenza/Library/CloudStorage/GoogleDrive-bechirikenza@gmail.com/Mon Drive/2023-08_Formation-Wordpress-Openclassrooms/11_Projet-11/wp-includes/media.php on line 71
[19-Mar-2024 22:51:53 UTC] PHP Notice:  Undefined offset: 0 in /Users/kenza/Library/CloudStorage/GoogleDrive-bechirikenza@gmail.com/Mon Drive/2023-08_Formation-Wordpress-Openclassrooms/11_Projet-11/wp-includes/media.php on line 70
[19-Mar-2024 22:51:53 UTC] PHP Notice:  Undefined offset: 1 in /Users/kenza/Library/CloudStorage/GoogleDrive-bechirikenza@gmail.com/Mon Drive/2023-08_Formation-Wordpress-Openclassrooms/11_Projet-11/wp-includes/media.php on line 71
[19-Mar-2024 22:52:45 UTC] PHP Notice:  Undefined offset: 0 in /Users/kenza/Library/CloudStorage/GoogleDrive-bechirikenza@gmail.com/Mon Drive/2023-08_Formation-Wordpress-Openclassrooms/11_Projet-11/wp-includes/media.php on line 795
[19-Mar-2024 22:52:45 UTC] PHP Notice:  Undefined offset: 0 in /Users/kenza/Library/CloudStorage/GoogleDrive-bechirikenza@gmail.com/Mon Drive/2023-08_Formation-Wordpress-Openclassrooms/11_Projet-11/wp-includes/media.php on line 801
[19-Mar-2024 22:52:45 UTC] PHP Notice:  Undefined offset: 1 in /Users/kenza/Library/CloudStorage/GoogleDrive-bechirikenza@gmail.com/Mon Drive/2023-08_Formation-Wordpress-Openclassrooms/11_Projet-11/wp-includes/media.php on line 801
[19-Mar-2024 22:52:45 UTC] PHP Notice:  Undefined offset: 0 in /Users/kenza/Library/CloudStorage/GoogleDrive-bechirikenza@gmail.com/Mon Drive/2023-08_Formation-Wordpress-Openclassrooms/11_Projet-11/wp-includes/media.php on line 803
[19-Mar-2024 22:52:45 UTC] PHP Notice:  Undefined offset: 1 in /Users/kenza/Library/CloudStorage/GoogleDrive-bechirikenza@gmail.com/Mon Drive/2023-08_Formation-Wordpress-Openclassrooms/11_Projet-11/wp-includes/media.php on line 803
[19-Mar-2024 22:52:45 UTC] PHP Notice:  Undefined offset: 0 in /Users/kenza/Library/CloudStorage/GoogleDrive-bechirikenza@gmail.com/Mon Drive/2023-08_Formation-Wordpress-Openclassrooms/11_Projet-11/wp-includes/media.php on line 806
[19-Mar-2024 22:52:45 UTC] PHP Notice:  Undefined offset: 1 in /Users/kenza/Library/CloudStorage/GoogleDrive-bechirikenza@gmail.com/Mon Drive/2023-08_Formation-Wordpress-Openclassrooms/11_Projet-11/wp-includes/media.php on line 806
[19-Mar-2024 22:52:45 UTC] PHP Notice:  Undefined offset: 0 in /Users/kenza/Library/CloudStorage/GoogleDrive-bechirikenza@gmail.com/Mon Drive/2023-08_Formation-Wordpress-Openclassrooms/11_Projet-11/wp-includes/media.php on line 795
[19-Mar-2024 22:52:45 UTC] PHP Notice:  Undefined offset: 0 in /Users/kenza/Library/CloudStorage/GoogleDrive-bechirikenza@gmail.com/Mon Drive/2023-08_Formation-Wordpress-Openclassrooms/11_Projet-11/wp-includes/media.php on line 801
[19-Mar-2024 22:52:45 UTC] PHP Notice:  Undefined offset: 1 in /Users/kenza/Library/CloudStorage/GoogleDrive-bechirikenza@gmail.com/Mon Drive/2023-08_Formation-Wordpress-Openclassrooms/11_Projet-11/wp-includes/media.php on line 801
[19-Mar-2024 22:52:45 UTC] PHP Notice:  Undefined offset: 0 in /Users/kenza/Library/CloudStorage/GoogleDrive-bechirikenza@gmail.com/Mon Drive/2023-08_Formation-Wordpress-Openclassrooms/11_Projet-11/wp-includes/media.php on line 803
[19-Mar-2024 22:52:45 UTC] PHP Notice:  Undefined offset: 1 in /Users/kenza/Library/CloudStorage/GoogleDrive-bechirikenza@gmail.com/Mon Drive/2023-08_Formation-Wordpress-Openclassrooms/11_Projet-11/wp-includes/media.php on line 803
[19-Mar-2024 22:52:45 UTC] PHP Notice:  Undefined offset: 0 in /Users/kenza/Library/CloudStorage/GoogleDrive-bechirikenza@gmail.com/Mon Drive/2023-08_Formation-Wordpress-Openclassrooms/11_Projet-11/wp-includes/media.php on line 806
[19-Mar-2024 22:52:45 UTC] PHP Notice:  Undefined offset: 1 in /Users/kenza/Library/CloudStorage/GoogleDrive-bechirikenza@gmail.com/Mon Drive/2023-08_Formation-Wordpress-Openclassrooms/11_Projet-11/wp-includes/media.php on line 806
[19-Mar-2024 22:52:45 UTC] PHP Notice:  Undefined offset: 0 in /Users/kenza/Library/CloudStorage/GoogleDrive-bechirikenza@gmail.com/Mon Drive/2023-08_Formation-Wordpress-Openclassrooms/11_Projet-11/wp-includes/media.php on line 795
[19-Mar-2024 22:52:45 UTC] PHP Notice:  Undefined offset: 0 in /Users/kenza/Library/CloudStorage/GoogleDrive-bechirikenza@gmail.com/Mon Drive/2023-08_Formation-Wordpress-Openclassrooms/11_Projet-11/wp-includes/media.php on line 801
[19-Mar-2024 22:52:45 UTC] PHP Notice:  Undefined offset: 1 in /Users/kenza/Library/CloudStorage/GoogleDrive-bechirikenza@gmail.com/Mon Drive/2023-08_Formation-Wordpress-Openclassrooms/11_Projet-11/wp-includes/media.php on line 801
[19-Mar-2024 22:52:45 UTC] PHP Notice:  Undefined offset: 0 in /Users/kenza/Library/CloudStorage/GoogleDrive-bechirikenza@gmail.com/Mon Drive/2023-08_Formation-Wordpress-Openclassrooms/11_Projet-11/wp-includes/media.php on line 803
[19-Mar-2024 22:52:45 UTC] PHP Notice:  Undefined offset: 1 in /Users/kenza/Library/CloudStorage/GoogleDrive-bechirikenza@gmail.com/Mon Drive/2023-08_Formation-Wordpress-Openclassrooms/11_Projet-11/wp-includes/media.php on line 803
[19-Mar-2024 22:52:45 UTC] PHP Notice:  Undefined offset: 0 in /Users/kenza/Library/CloudStorage/GoogleDrive-bechirikenza@gmail.com/Mon Drive/2023-08_Formation-Wordpress-Openclassrooms/11_Projet-11/wp-includes/media.php on line 806
[19-Mar-2024 22:52:45 UTC] PHP Notice:  Undefined offset: 1 in /Users/kenza/Library/CloudStorage/GoogleDrive-bechirikenza@gmail.com/Mon Drive/2023-08_Formation-Wordpress-Openclassrooms/11_Projet-11/wp-includes/media.php on line 806
[19-Mar-2024 22:52:45 UTC] PHP Notice:  Undefined offset: 0 in /Users/kenza/Library/CloudStorage/GoogleDrive-bechirikenza@gmail.com/Mon Drive/2023-08_Formation-Wordpress-Openclassrooms/11_Projet-11/wp-includes/media.php on line 795
[19-Mar-2024 22:52:45 UTC] PHP Notice:  Undefined offset: 0 in /Users/kenza/Library/CloudStorage/GoogleDrive-bechirikenza@gmail.com/Mon Drive/2023-08_Formation-Wordpress-Openclassrooms/11_Projet-11/wp-includes/media.php on line 801
[19-Mar-2024 22:52:45 UTC] PHP Notice:  Undefined offset: 1 in /Users/kenza/Library/CloudStorage/GoogleDrive-bechirikenza@gmail.com/Mon Drive/2023-08_Formation-Wordpress-Openclassrooms/11_Projet-11/wp-includes/media.php on line 801
[19-Mar-2024 22:52:45 UTC] PHP Notice:  Undefined offset: 0 in /Users/kenza/Library/CloudStorage/GoogleDrive-bechirikenza@gmail.com/Mon Drive/2023-08_Formation-Wordpress-Openclassrooms/11_Projet-11/wp-includes/media.php on line 803
[19-Mar-2024 22:52:45 UTC] PHP Notice:  Undefined offset: 1 in /Users/kenza/Library/CloudStorage/GoogleDrive-bechirikenza@gmail.com/Mon Drive/2023-08_Formation-Wordpress-Openclassrooms/11_Projet-11/wp-includes/media.php on line 803
[19-Mar-2024 22:52:45 UTC] PHP Notice:  Undefined offset: 0 in /Users/kenza/Library/CloudStorage/GoogleDrive-bechirikenza@gmail.com/Mon Drive/2023-08_Formation-Wordpress-Openclassrooms/11_Projet-11/wp-includes/media.php on line 806
[19-Mar-2024 22:52:45 UTC] PHP Notice:  Undefined offset: 1 in /Users/kenza/Library/CloudStorage/GoogleDrive-bechirikenza@gmail.com/Mon Drive/2023-08_Formation-Wordpress-Openclassrooms/11_Projet-11/wp-includes/media.php on line 806
[19-Mar-2024 22:52:45 UTC] PHP Notice:  Undefined offset: 0 in /Users/kenza/Library/CloudStorage/GoogleDrive-bechirikenza@gmail.com/Mon Drive/2023-08_Formation-Wordpress-Openclassrooms/11_Projet-11/wp-includes/media.php on line 795
[19-Mar-2024 22:52:45 UTC] PHP Notice:  Undefined offset: 0 in /Users/kenza/Library/CloudStorage/GoogleDrive-bechirikenza@gmail.com/Mon Drive/2023-08_Formation-Wordpress-Openclassrooms/11_Projet-11/wp-includes/media.php on line 801
[19-Mar-2024 22:52:45 UTC] PHP Notice:  Undefined offset: 1 in /Users/kenza/Library/CloudStorage/GoogleDrive-bechirikenza@gmail.com/Mon Drive/2023-08_Formation-Wordpress-Openclassrooms/11_Projet-11/wp-includes/media.php on line 801
[19-Mar-2024 22:52:45 UTC] PHP Notice:  Undefined offset: 0 in /Users/kenza/Library/CloudStorage/GoogleDrive-bechirikenza@gmail.com/Mon Drive/2023-08_Formation-Wordpress-Openclassrooms/11_Projet-11/wp-includes/media.php on line 803
[19-Mar-2024 22:52:45 UTC] PHP Notice:  Undefined offset: 1 in /Users/kenza/Library/CloudStorage/GoogleDrive-bechirikenza@gmail.com/Mon Drive/2023-08_Formation-Wordpress-Openclassrooms/11_Projet-11/wp-includes/media.php on line 803
[19-Mar-2024 22:52:45 UTC] PHP Notice:  Undefined offset: 0 in /Users/kenza/Library/CloudStorage/GoogleDrive-bechirikenza@gmail.com/Mon Drive/2023-08_Formation-Wordpress-Openclassrooms/11_Projet-11/wp-includes/media.php on line 806
[19-Mar-2024 22:52:45 UTC] PHP Notice:  Undefined offset: 1 in /Users/kenza/Library/CloudStorage/GoogleDrive-bechirikenza@gmail.com/Mon Drive/2023-08_Formation-Wordpress-Openclassrooms/11_Projet-11/wp-includes/media.php on line 806
[19-Mar-2024 22:52:45 UTC] PHP Notice:  Undefined offset: 0 in /Users/kenza/Library/CloudStorage/GoogleDrive-bechirikenza@gmail.com/Mon Drive/2023-08_Formation-Wordpress-Openclassrooms/11_Projet-11/wp-includes/media.php on line 795
[19-Mar-2024 22:52:45 UTC] PHP Notice:  Undefined offset: 0 in /Users/kenza/Library/CloudStorage/GoogleDrive-bechirikenza@gmail.com/Mon Drive/2023-08_Formation-Wordpress-Openclassrooms/11_Projet-11/wp-includes/media.php on line 801
[19-Mar-2024 22:52:45 UTC] PHP Notice:  Undefined offset: 1 in /Users/kenza/Library/CloudStorage/GoogleDrive-bechirikenza@gmail.com/Mon Drive/2023-08_Formation-Wordpress-Openclassrooms/11_Projet-11/wp-includes/media.php on line 801
[19-Mar-2024 22:52:45 UTC] PHP Notice:  Undefined offset: 0 in /Users/kenza/Library/CloudStorage/GoogleDrive-bechirikenza@gmail.com/Mon Drive/2023-08_Formation-Wordpress-Openclassrooms/11_Projet-11/wp-includes/media.php on line 803
[19-Mar-2024 22:52:45 UTC] PHP Notice:  Undefined offset: 1 in /Users/kenza/Library/CloudStorage/GoogleDrive-bechirikenza@gmail.com/Mon Drive/2023-08_Formation-Wordpress-Openclassrooms/11_Projet-11/wp-includes/media.php on line 803
[19-Mar-2024 22:52:45 UTC] PHP Notice:  Undefined offset: 0 in /Users/kenza/Library/CloudStorage/GoogleDrive-bechirikenza@gmail.com/Mon Drive/2023-08_Formation-Wordpress-Openclassrooms/11_Projet-11/wp-includes/media.php on line 806
[19-Mar-2024 22:52:45 UTC] PHP Notice:  Undefined offset: 1 in /Users/kenza/Library/CloudStorage/GoogleDrive-bechirikenza@gmail.com/Mon Drive/2023-08_Formation-Wordpress-Openclassrooms/11_Projet-11/wp-includes/media.php on line 806
[19-Mar-2024 22:52:45 UTC] PHP Notice:  Undefined offset: 0 in /Users/kenza/Library/CloudStorage/GoogleDrive-bechirikenza@gmail.com/Mon Drive/2023-08_Formation-Wordpress-Openclassrooms/11_Projet-11/wp-includes/media.php on line 827
[19-Mar-2024 22:52:45 UTC] PHP Notice:  Undefined offset: 1 in /Users/kenza/Library/CloudStorage/GoogleDrive-bechirikenza@gmail.com/Mon Drive/2023-08_Formation-Wordpress-Openclassrooms/11_Projet-11/wp-includes/media.php on line 827
[19-Mar-2024 22:52:45 UTC] PHP Notice:  Undefined offset: 0 in /Users/kenza/Library/CloudStorage/GoogleDrive-bechirikenza@gmail.com/Mon Drive/2023-08_Formation-Wordpress-Openclassrooms/11_Projet-11/wp-includes/media.php on line 70
[19-Mar-2024 22:52:45 UTC] PHP Notice:  Undefined offset: 1 in /Users/kenza/Library/CloudStorage/GoogleDrive-bechirikenza@gmail.com/Mon Drive/2023-08_Formation-Wordpress-Openclassrooms/11_Projet-11/wp-includes/media.php on line 71
[19-Mar-2024 22:52:45 UTC] PHP Notice:  Undefined offset: 0 in /Users/kenza/Library/CloudStorage/GoogleDrive-bechirikenza@gmail.com/Mon Drive/2023-08_Formation-Wordpress-Openclassrooms/11_Projet-11/wp-includes/media.php on line 70
[19-Mar-2024 22:52:45 UTC] PHP Notice:  Undefined offset: 1 in /Users/kenza/Library/CloudStorage/GoogleDrive-bechirikenza@gmail.com/Mon Drive/2023-08_Formation-Wordpress-Openclassrooms/11_Projet-11/wp-includes/media.php on line 71
[19-Mar-2024 22:52:45 UTC] PHP Notice:  Undefined offset: 0 in /Users/kenza/Library/CloudStorage/GoogleDrive-bechirikenza@gmail.com/Mon Drive/2023-08_Formation-Wordpress-Openclassrooms/11_Projet-11/wp-includes/media.php on line 795
[19-Mar-2024 22:52:45 UTC] PHP Notice:  Undefined offset: 0 in /Users/kenza/Library/CloudStorage/GoogleDrive-bechirikenza@gmail.com/Mon Drive/2023-08_Formation-Wordpress-Openclassrooms/11_Projet-11/wp-includes/media.php on line 801
[19-Mar-2024 22:52:45 UTC] PHP Notice:  Undefined offset: 1 in /Users/kenza/Library/CloudStorage/GoogleDrive-bechirikenza@gmail.com/Mon Drive/2023-08_Formation-Wordpress-Openclassrooms/11_Projet-11/wp-includes/media.php on line 801
[19-Mar-2024 22:52:45 UTC] PHP Notice:  Undefined offset: 0 in /Users/kenza/Library/CloudStorage/GoogleDrive-bechirikenza@gmail.com/Mon Drive/2023-08_Formation-Wordpress-Openclassrooms/11_Projet-11/wp-includes/media.php on line 803
[19-Mar-2024 22:52:45 UTC] PHP Notice:  Undefined offset: 1 in /Users/kenza/Library/CloudStorage/GoogleDrive-bechirikenza@gmail.com/Mon Drive/2023-08_Formation-Wordpress-Openclassrooms/11_Projet-11/wp-includes/media.php on line 803
[19-Mar-2024 22:52:45 UTC] PHP Notice:  Undefined offset: 0 in /Users/kenza/Library/CloudStorage/GoogleDrive-bechirikenza@gmail.com/Mon Drive/2023-08_Formation-Wordpress-Openclassrooms/11_Projet-11/wp-includes/media.php on line 806
[19-Mar-2024 22:52:45 UTC] PHP Notice:  Undefined offset: 1 in /Users/kenza/Library/CloudStorage/GoogleDrive-bechirikenza@gmail.com/Mon Drive/2023-08_Formation-Wordpress-Openclassrooms/11_Projet-11/wp-includes/media.php on line 806
[19-Mar-2024 22:52:45 UTC] PHP Notice:  Undefined offset: 0 in /Users/kenza/Library/CloudStorage/GoogleDrive-bechirikenza@gmail.com/Mon Drive/2023-08_Formation-Wordpress-Openclassrooms/11_Projet-11/wp-includes/media.php on line 795
[19-Mar-2024 22:52:45 UTC] PHP Notice:  Undefined offset: 0 in /Users/kenza/Library/CloudStorage/GoogleDrive-bechirikenza@gmail.com/Mon Drive/2023-08_Formation-Wordpress-Openclassrooms/11_Projet-11/wp-includes/media.php on line 801
[19-Mar-2024 22:52:45 UTC] PHP Notice:  Undefined offset: 1 in /Users/kenza/Library/CloudStorage/GoogleDrive-bechirikenza@gmail.com/Mon Drive/2023-08_Formation-Wordpress-Openclassrooms/11_Projet-11/wp-includes/media.php on line 801
[19-Mar-2024 22:52:45 UTC] PHP Notice:  Undefined offset: 0 in /Users/kenza/Library/CloudStorage/GoogleDrive-bechirikenza@gmail.com/Mon Drive/2023-08_Formation-Wordpress-Openclassrooms/11_Projet-11/wp-includes/media.php on line 803
[19-Mar-2024 22:52:45 UTC] PHP Notice:  Undefined offset: 1 in /Users/kenza/Library/CloudStorage/GoogleDrive-bechirikenza@gmail.com/Mon Drive/2023-08_Formation-Wordpress-Openclassrooms/11_Projet-11/wp-includes/media.php on line 803
[19-Mar-2024 22:52:45 UTC] PHP Notice:  Undefined offset: 0 in /Users/kenza/Library/CloudStorage/GoogleDrive-bechirikenza@gmail.com/Mon Drive/2023-08_Formation-Wordpress-Openclassrooms/11_Projet-11/wp-includes/media.php on line 806
[19-Mar-2024 22:52:45 UTC] PHP Notice:  Undefined offset: 1 in /Users/kenza/Library/CloudStorage/GoogleDrive-bechirikenza@gmail.com/Mon Drive/2023-08_Formation-Wordpress-Openclassrooms/11_Projet-11/wp-includes/media.php on line 806
[19-Mar-2024 22:52:45 UTC] PHP Notice:  Undefined offset: 0 in /Users/kenza/Library/CloudStorage/GoogleDrive-bechirikenza@gmail.com/Mon Drive/2023-08_Formation-Wordpress-Openclassrooms/11_Projet-11/wp-includes/media.php on line 795
[19-Mar-2024 22:52:45 UTC] PHP Notice:  Undefined offset: 0 in /Users/kenza/Library/CloudStorage/GoogleDrive-bechirikenza@gmail.com/Mon Drive/2023-08_Formation-Wordpress-Openclassrooms/11_Projet-11/wp-includes/media.php on line 801
[19-Mar-2024 22:52:45 UTC] PHP Notice:  Undefined offset: 1 in /Users/kenza/Library/CloudStorage/GoogleDrive-bechirikenza@gmail.com/Mon Drive/2023-08_Formation-Wordpress-Openclassrooms/11_Projet-11/wp-includes/media.php on line 801
[19-Mar-2024 22:52:45 UTC] PHP Notice:  Undefined offset: 0 in /Users/kenza/Library/CloudStorage/GoogleDrive-bechirikenza@gmail.com/Mon Drive/2023-08_Formation-Wordpress-Openclassrooms/11_Projet-11/wp-includes/media.php on line 803
[19-Mar-2024 22:52:45 UTC] PHP Notice:  Undefined offset: 1 in /Users/kenza/Library/CloudStorage/GoogleDrive-bechirikenza@gmail.com/Mon Drive/2023-08_Formation-Wordpress-Openclassrooms/11_Projet-11/wp-includes/media.php on line 803
[19-Mar-2024 22:52:45 UTC] PHP Notice:  Undefined offset: 0 in /Users/kenza/Library/CloudStorage/GoogleDrive-bechirikenza@gmail.com/Mon Drive/2023-08_Formation-Wordpress-Openclassrooms/11_Projet-11/wp-includes/media.php on line 806
[19-Mar-2024 22:52:45 UTC] PHP Notice:  Undefined offset: 1 in /Users/kenza/Library/CloudStorage/GoogleDrive-bechirikenza@gmail.com/Mon Drive/2023-08_Formation-Wordpress-Openclassrooms/11_Projet-11/wp-includes/media.php on line 806
[19-Mar-2024 22:52:45 UTC] PHP Notice:  Undefined offset: 0 in /Users/kenza/Library/CloudStorage/GoogleDrive-bechirikenza@gmail.com/Mon Drive/2023-08_Formation-Wordpress-Openclassrooms/11_Projet-11/wp-includes/media.php on line 795
[19-Mar-2024 22:52:45 UTC] PHP Notice:  Undefined offset: 0 in /Users/kenza/Library/CloudStorage/GoogleDrive-bechirikenza@gmail.com/Mon Drive/2023-08_Formation-Wordpress-Openclassrooms/11_Projet-11/wp-includes/media.php on line 801
[19-Mar-2024 22:52:45 UTC] PHP Notice:  Undefined offset: 1 in /Users/kenza/Library/CloudStorage/GoogleDrive-bechirikenza@gmail.com/Mon Drive/2023-08_Formation-Wordpress-Openclassrooms/11_Projet-11/wp-includes/media.php on line 801
[19-Mar-2024 22:52:45 UTC] PHP Notice:  Undefined offset: 0 in /Users/kenza/Library/CloudStorage/GoogleDrive-bechirikenza@gmail.com/Mon Drive/2023-08_Formation-Wordpress-Openclassrooms/11_Projet-11/wp-includes/media.php on line 803
[19-Mar-2024 22:52:45 UTC] PHP Notice:  Undefined offset: 1 in /Users/kenza/Library/CloudStorage/GoogleDrive-bechirikenza@gmail.com/Mon Drive/2023-08_Formation-Wordpress-Openclassrooms/11_Projet-11/wp-includes/media.php on line 803
[19-Mar-2024 22:52:45 UTC] PHP Notice:  Undefined offset: 0 in /Users/kenza/Library/CloudStorage/GoogleDrive-bechirikenza@gmail.com/Mon Drive/2023-08_Formation-Wordpress-Openclassrooms/11_Projet-11/wp-includes/media.php on line 806
[19-Mar-2024 22:52:45 UTC] PHP Notice:  Undefined offset: 1 in /Users/kenza/Library/CloudStorage/GoogleDrive-bechirikenza@gmail.com/Mon Drive/2023-08_Formation-Wordpress-Openclassrooms/11_Projet-11/wp-includes/media.php on line 806
[19-Mar-2024 22:52:45 UTC] PHP Notice:  Undefined offset: 0 in /Users/kenza/Library/CloudStorage/GoogleDrive-bechirikenza@gmail.com/Mon Drive/2023-08_Formation-Wordpress-Openclassrooms/11_Projet-11/wp-includes/media.php on line 795
[19-Mar-2024 22:52:45 UTC] PHP Notice:  Undefined offset: 0 in /Users/kenza/Library/CloudStorage/GoogleDrive-bechirikenza@gmail.com/Mon Drive/2023-08_Formation-Wordpress-Openclassrooms/11_Projet-11/wp-includes/media.php on line 801
[19-Mar-2024 22:52:45 UTC] PHP Notice:  Undefined offset: 1 in /Users/kenza/Library/CloudStorage/GoogleDrive-bechirikenza@gmail.com/Mon Drive/2023-08_Formation-Wordpress-Openclassrooms/11_Projet-11/wp-includes/media.php on line 801
[19-Mar-2024 22:52:45 UTC] PHP Notice:  Undefined offset: 0 in /Users/kenza/Library/CloudStorage/GoogleDrive-bechirikenza@gmail.com/Mon Drive/2023-08_Formation-Wordpress-Openclassrooms/11_Projet-11/wp-includes/media.php on line 803
[19-Mar-2024 22:52:45 UTC] PHP Notice:  Undefined offset: 1 in /Users/kenza/Library/CloudStorage/GoogleDrive-bechirikenza@gmail.com/Mon Drive/2023-08_Formation-Wordpress-Openclassrooms/11_Projet-11/wp-includes/media.php on line 803
[19-Mar-2024 22:52:45 UTC] PHP Notice:  Undefined offset: 0 in /Users/kenza/Library/CloudStorage/GoogleDrive-bechirikenza@gmail.com/Mon Drive/2023-08_Formation-Wordpress-Openclassrooms/11_Projet-11/wp-includes/media.php on line 806
[19-Mar-2024 22:52:45 UTC] PHP Notice:  Undefined offset: 1 in /Users/kenza/Library/CloudStorage/GoogleDrive-bechirikenza@gmail.com/Mon Drive/2023-08_Formation-Wordpress-Openclassrooms/11_Projet-11/wp-includes/media.php on line 806
[19-Mar-2024 22:52:45 UTC] PHP Notice:  Undefined offset: 0 in /Users/kenza/Library/CloudStorage/GoogleDrive-bechirikenza@gmail.com/Mon Drive/2023-08_Formation-Wordpress-Openclassrooms/11_Projet-11/wp-includes/media.php on line 795
[19-Mar-2024 22:52:45 UTC] PHP Notice:  Undefined offset: 0 in /Users/kenza/Library/CloudStorage/GoogleDrive-bechirikenza@gmail.com/Mon Drive/2023-08_Formation-Wordpress-Openclassrooms/11_Projet-11/wp-includes/media.php on line 801
[19-Mar-2024 22:52:45 UTC] PHP Notice:  Undefined offset: 1 in /Users/kenza/Library/CloudStorage/GoogleDrive-bechirikenza@gmail.com/Mon Drive/2023-08_Formation-Wordpress-Openclassrooms/11_Projet-11/wp-includes/media.php on line 801
[19-Mar-2024 22:52:45 UTC] PHP Notice:  Undefined offset: 0 in /Users/kenza/Library/CloudStorage/GoogleDrive-bechirikenza@gmail.com/Mon Drive/2023-08_Formation-Wordpress-Openclassrooms/11_Projet-11/wp-includes/media.php on line 803
[19-Mar-2024 22:52:45 UTC] PHP Notice:  Undefined offset: 1 in /Users/kenza/Library/CloudStorage/GoogleDrive-bechirikenza@gmail.com/Mon Drive/2023-08_Formation-Wordpress-Openclassrooms/11_Projet-11/wp-includes/media.php on line 803
[19-Mar-2024 22:52:45 UTC] PHP Notice:  Undefined offset: 0 in /Users/kenza/Library/CloudStorage/GoogleDrive-bechirikenza@gmail.com/Mon Drive/2023-08_Formation-Wordpress-Openclassrooms/11_Projet-11/wp-includes/media.php on line 806
[19-Mar-2024 22:52:45 UTC] PHP Notice:  Undefined offset: 1 in /Users/kenza/Library/CloudStorage/GoogleDrive-bechirikenza@gmail.com/Mon Drive/2023-08_Formation-Wordpress-Openclassrooms/11_Projet-11/wp-includes/media.php on line 806
[19-Mar-2024 22:52:45 UTC] PHP Notice:  Undefined offset: 0 in /Users/kenza/Library/CloudStorage/GoogleDrive-bechirikenza@gmail.com/Mon Drive/2023-08_Formation-Wordpress-Openclassrooms/11_Projet-11/wp-includes/media.php on line 827
[19-Mar-2024 22:52:45 UTC] PHP Notice:  Undefined offset: 1 in /Users/kenza/Library/CloudStorage/GoogleDrive-bechirikenza@gmail.com/Mon Drive/2023-08_Formation-Wordpress-Openclassrooms/11_Projet-11/wp-includes/media.php on line 827
[19-Mar-2024 22:52:45 UTC] PHP Notice:  Undefined offset: 0 in /Users/kenza/Library/CloudStorage/GoogleDrive-bechirikenza@gmail.com/Mon Drive/2023-08_Formation-Wordpress-Openclassrooms/11_Projet-11/wp-includes/media.php on line 70
[19-Mar-2024 22:52:45 UTC] PHP Notice:  Undefined offset: 1 in /Users/kenza/Library/CloudStorage/GoogleDrive-bechirikenza@gmail.com/Mon Drive/2023-08_Formation-Wordpress-Openclassrooms/11_Projet-11/wp-includes/media.php on line 71
[19-Mar-2024 22:52:45 UTC] PHP Notice:  Undefined offset: 0 in /Users/kenza/Library/CloudStorage/GoogleDrive-bechirikenza@gmail.com/Mon Drive/2023-08_Formation-Wordpress-Openclassrooms/11_Projet-11/wp-includes/media.php on line 70
[19-Mar-2024 22:52:45 UTC] PHP Notice:  Undefined offset: 1 in /Users/kenza/Library/CloudStorage/GoogleDrive-bechirikenza@gmail.com/Mon Drive/2023-08_Formation-Wordpress-Openclassrooms/11_Projet-11/wp-includes/media.php on line 71
[19-Mar-2024 22:53:37 UTC] PHP Notice:  Undefined offset: 0 in /Users/kenza/Library/CloudStorage/GoogleDrive-bechirikenza@gmail.com/Mon Drive/2023-08_Formation-Wordpress-Openclassrooms/11_Projet-11/wp-includes/media.php on line 795
[19-Mar-2024 22:53:37 UTC] PHP Notice:  Undefined offset: 0 in /Users/kenza/Library/CloudStorage/GoogleDrive-bechirikenza@gmail.com/Mon Drive/2023-08_Formation-Wordpress-Openclassrooms/11_Projet-11/wp-includes/media.php on line 801
[19-Mar-2024 22:53:37 UTC] PHP Notice:  Undefined offset: 1 in /Users/kenza/Library/CloudStorage/GoogleDrive-bechirikenza@gmail.com/Mon Drive/2023-08_Formation-Wordpress-Openclassrooms/11_Projet-11/wp-includes/media.php on line 801
[19-Mar-2024 22:53:37 UTC] PHP Notice:  Undefined offset: 0 in /Users/kenza/Library/CloudStorage/GoogleDrive-bechirikenza@gmail.com/Mon Drive/2023-08_Formation-Wordpress-Openclassrooms/11_Projet-11/wp-includes/media.php on line 803
[19-Mar-2024 22:53:37 UTC] PHP Notice:  Undefined offset: 1 in /Users/kenza/Library/CloudStorage/GoogleDrive-bechirikenza@gmail.com/Mon Drive/2023-08_Formation-Wordpress-Openclassrooms/11_Projet-11/wp-includes/media.php on line 803
[19-Mar-2024 22:53:37 UTC] PHP Notice:  Undefined offset: 0 in /Users/kenza/Library/CloudStorage/GoogleDrive-bechirikenza@gmail.com/Mon Drive/2023-08_Formation-Wordpress-Openclassrooms/11_Projet-11/wp-includes/media.php on line 806
[19-Mar-2024 22:53:37 UTC] PHP Notice:  Undefined offset: 1 in /Users/kenza/Library/CloudStorage/GoogleDrive-bechirikenza@gmail.com/Mon Drive/2023-08_Formation-Wordpress-Openclassrooms/11_Projet-11/wp-includes/media.php on line 806
[19-Mar-2024 22:53:37 UTC] PHP Notice:  Undefined offset: 0 in /Users/kenza/Library/CloudStorage/GoogleDrive-bechirikenza@gmail.com/Mon Drive/2023-08_Formation-Wordpress-Openclassrooms/11_Projet-11/wp-includes/media.php on line 795
[19-Mar-2024 22:53:37 UTC] PHP Notice:  Undefined offset: 0 in /Users/kenza/Library/CloudStorage/GoogleDrive-bechirikenza@gmail.com/Mon Drive/2023-08_Formation-Wordpress-Openclassrooms/11_Projet-11/wp-includes/media.php on line 801
[19-Mar-2024 22:53:37 UTC] PHP Notice:  Undefined offset: 1 in /Users/kenza/Library/CloudStorage/GoogleDrive-bechirikenza@gmail.com/Mon Drive/2023-08_Formation-Wordpress-Openclassrooms/11_Projet-11/wp-includes/media.php on line 801
[19-Mar-2024 22:53:37 UTC] PHP Notice:  Undefined offset: 0 in /Users/kenza/Library/CloudStorage/GoogleDrive-bechirikenza@gmail.com/Mon Drive/2023-08_Formation-Wordpress-Openclassrooms/11_Projet-11/wp-includes/media.php on line 803
[19-Mar-2024 22:53:37 UTC] PHP Notice:  Undefined offset: 1 in /Users/kenza/Library/CloudStorage/GoogleDrive-bechirikenza@gmail.com/Mon Drive/2023-08_Formation-Wordpress-Openclassrooms/11_Projet-11/wp-includes/media.php on line 803
[19-Mar-2024 22:53:37 UTC] PHP Notice:  Undefined offset: 0 in /Users/kenza/Library/CloudStorage/GoogleDrive-bechirikenza@gmail.com/Mon Drive/2023-08_Formation-Wordpress-Openclassrooms/11_Projet-11/wp-includes/media.php on line 806
[19-Mar-2024 22:53:37 UTC] PHP Notice:  Undefined offset: 1 in /Users/kenza/Library/CloudStorage/GoogleDrive-bechirikenza@gmail.com/Mon Drive/2023-08_Formation-Wordpress-Openclassrooms/11_Projet-11/wp-includes/media.php on line 806
[19-Mar-2024 22:53:37 UTC] PHP Notice:  Undefined offset: 0 in /Users/kenza/Library/CloudStorage/GoogleDrive-bechirikenza@gmail.com/Mon Drive/2023-08_Formation-Wordpress-Openclassrooms/11_Projet-11/wp-includes/media.php on line 795
[19-Mar-2024 22:53:37 UTC] PHP Notice:  Undefined offset: 0 in /Users/kenza/Library/CloudStorage/GoogleDrive-bechirikenza@gmail.com/Mon Drive/2023-08_Formation-Wordpress-Openclassrooms/11_Projet-11/wp-includes/media.php on line 801
[19-Mar-2024 22:53:37 UTC] PHP Notice:  Undefined offset: 1 in /Users/kenza/Library/CloudStorage/GoogleDrive-bechirikenza@gmail.com/Mon Drive/2023-08_Formation-Wordpress-Openclassrooms/11_Projet-11/wp-includes/media.php on line 801
[19-Mar-2024 22:53:37 UTC] PHP Notice:  Undefined offset: 0 in /Users/kenza/Library/CloudStorage/GoogleDrive-bechirikenza@gmail.com/Mon Drive/2023-08_Formation-Wordpress-Openclassrooms/11_Projet-11/wp-includes/media.php on line 803
[19-Mar-2024 22:53:37 UTC] PHP Notice:  Undefined offset: 1 in /Users/kenza/Library/CloudStorage/GoogleDrive-bechirikenza@gmail.com/Mon Drive/2023-08_Formation-Wordpress-Openclassrooms/11_Projet-11/wp-includes/media.php on line 803
[19-Mar-2024 22:53:37 UTC] PHP Notice:  Undefined offset: 0 in /Users/kenza/Library/CloudStorage/GoogleDrive-bechirikenza@gmail.com/Mon Drive/2023-08_Formation-Wordpress-Openclassrooms/11_Projet-11/wp-includes/media.php on line 806
[19-Mar-2024 22:53:37 UTC] PHP Notice:  Undefined offset: 1 in /Users/kenza/Library/CloudStorage/GoogleDrive-bechirikenza@gmail.com/Mon Drive/2023-08_Formation-Wordpress-Openclassrooms/11_Projet-11/wp-includes/media.php on line 806
[19-Mar-2024 22:53:37 UTC] PHP Notice:  Undefined offset: 0 in /Users/kenza/Library/CloudStorage/GoogleDrive-bechirikenza@gmail.com/Mon Drive/2023-08_Formation-Wordpress-Openclassrooms/11_Projet-11/wp-includes/media.php on line 795
[19-Mar-2024 22:53:37 UTC] PHP Notice:  Undefined offset: 0 in /Users/kenza/Library/CloudStorage/GoogleDrive-bechirikenza@gmail.com/Mon Drive/2023-08_Formation-Wordpress-Openclassrooms/11_Projet-11/wp-includes/media.php on line 801
[19-Mar-2024 22:53:37 UTC] PHP Notice:  Undefined offset: 1 in /Users/kenza/Library/CloudStorage/GoogleDrive-bechirikenza@gmail.com/Mon Drive/2023-08_Formation-Wordpress-Openclassrooms/11_Projet-11/wp-includes/media.php on line 801
[19-Mar-2024 22:53:37 UTC] PHP Notice:  Undefined offset: 0 in /Users/kenza/Library/CloudStorage/GoogleDrive-bechirikenza@gmail.com/Mon Drive/2023-08_Formation-Wordpress-Openclassrooms/11_Projet-11/wp-includes/media.php on line 803
[19-Mar-2024 22:53:37 UTC] PHP Notice:  Undefined offset: 1 in /Users/kenza/Library/CloudStorage/GoogleDrive-bechirikenza@gmail.com/Mon Drive/2023-08_Formation-Wordpress-Openclassrooms/11_Projet-11/wp-includes/media.php on line 803
[19-Mar-2024 22:53:37 UTC] PHP Notice:  Undefined offset: 0 in /Users/kenza/Library/CloudStorage/GoogleDrive-bechirikenza@gmail.com/Mon Drive/2023-08_Formation-Wordpress-Openclassrooms/11_Projet-11/wp-includes/media.php on line 806
[19-Mar-2024 22:53:37 UTC] PHP Notice:  Undefined offset: 1 in /Users/kenza/Library/CloudStorage/GoogleDrive-bechirikenza@gmail.com/Mon Drive/2023-08_Formation-Wordpress-Openclassrooms/11_Projet-11/wp-includes/media.php on line 806
[19-Mar-2024 22:53:37 UTC] PHP Notice:  Undefined offset: 0 in /Users/kenza/Library/CloudStorage/GoogleDrive-bechirikenza@gmail.com/Mon Drive/2023-08_Formation-Wordpress-Openclassrooms/11_Projet-11/wp-includes/media.php on line 795
[19-Mar-2024 22:53:37 UTC] PHP Notice:  Undefined offset: 0 in /Users/kenza/Library/CloudStorage/GoogleDrive-bechirikenza@gmail.com/Mon Drive/2023-08_Formation-Wordpress-Openclassrooms/11_Projet-11/wp-includes/media.php on line 801
[19-Mar-2024 22:53:37 UTC] PHP Notice:  Undefined offset: 1 in /Users/kenza/Library/CloudStorage/GoogleDrive-bechirikenza@gmail.com/Mon Drive/2023-08_Formation-Wordpress-Openclassrooms/11_Projet-11/wp-includes/media.php on line 801
[19-Mar-2024 22:53:37 UTC] PHP Notice:  Undefined offset: 0 in /Users/kenza/Library/CloudStorage/GoogleDrive-bechirikenza@gmail.com/Mon Drive/2023-08_Formation-Wordpress-Openclassrooms/11_Projet-11/wp-includes/media.php on line 803
[19-Mar-2024 22:53:37 UTC] PHP Notice:  Undefined offset: 1 in /Users/kenza/Library/CloudStorage/GoogleDrive-bechirikenza@gmail.com/Mon Drive/2023-08_Formation-Wordpress-Openclassrooms/11_Projet-11/wp-includes/media.php on line 803
[19-Mar-2024 22:53:37 UTC] PHP Notice:  Undefined offset: 0 in /Users/kenza/Library/CloudStorage/GoogleDrive-bechirikenza@gmail.com/Mon Drive/2023-08_Formation-Wordpress-Openclassrooms/11_Projet-11/wp-includes/media.php on line 806
[19-Mar-2024 22:53:37 UTC] PHP Notice:  Undefined offset: 1 in /Users/kenza/Library/CloudStorage/GoogleDrive-bechirikenza@gmail.com/Mon Drive/2023-08_Formation-Wordpress-Openclassrooms/11_Projet-11/wp-includes/media.php on line 806
[19-Mar-2024 22:53:37 UTC] PHP Notice:  Undefined offset: 0 in /Users/kenza/Library/CloudStorage/GoogleDrive-bechirikenza@gmail.com/Mon Drive/2023-08_Formation-Wordpress-Openclassrooms/11_Projet-11/wp-includes/media.php on line 795
[19-Mar-2024 22:53:37 UTC] PHP Notice:  Undefined offset: 0 in /Users/kenza/Library/CloudStorage/GoogleDrive-bechirikenza@gmail.com/Mon Drive/2023-08_Formation-Wordpress-Openclassrooms/11_Projet-11/wp-includes/media.php on line 801
[19-Mar-2024 22:53:37 UTC] PHP Notice:  Undefined offset: 1 in /Users/kenza/Library/CloudStorage/GoogleDrive-bechirikenza@gmail.com/Mon Drive/2023-08_Formation-Wordpress-Openclassrooms/11_Projet-11/wp-includes/media.php on line 801
[19-Mar-2024 22:53:37 UTC] PHP Notice:  Undefined offset: 0 in /Users/kenza/Library/CloudStorage/GoogleDrive-bechirikenza@gmail.com/Mon Drive/2023-08_Formation-Wordpress-Openclassrooms/11_Projet-11/wp-includes/media.php on line 803
[19-Mar-2024 22:53:37 UTC] PHP Notice:  Undefined offset: 1 in /Users/kenza/Library/CloudStorage/GoogleDrive-bechirikenza@gmail.com/Mon Drive/2023-08_Formation-Wordpress-Openclassrooms/11_Projet-11/wp-includes/media.php on line 803
[19-Mar-2024 22:53:37 UTC] PHP Notice:  Undefined offset: 0 in /Users/kenza/Library/CloudStorage/GoogleDrive-bechirikenza@gmail.com/Mon Drive/2023-08_Formation-Wordpress-Openclassrooms/11_Projet-11/wp-includes/media.php on line 806
[19-Mar-2024 22:53:37 UTC] PHP Notice:  Undefined offset: 1 in /Users/kenza/Library/CloudStorage/GoogleDrive-bechirikenza@gmail.com/Mon Drive/2023-08_Formation-Wordpress-Openclassrooms/11_Projet-11/wp-includes/media.php on line 806
[19-Mar-2024 22:53:37 UTC] PHP Notice:  Undefined offset: 0 in /Users/kenza/Library/CloudStorage/GoogleDrive-bechirikenza@gmail.com/Mon Drive/2023-08_Formation-Wordpress-Openclassrooms/11_Projet-11/wp-includes/media.php on line 827
[19-Mar-2024 22:53:37 UTC] PHP Notice:  Undefined offset: 1 in /Users/kenza/Library/CloudStorage/GoogleDrive-bechirikenza@gmail.com/Mon Drive/2023-08_Formation-Wordpress-Openclassrooms/11_Projet-11/wp-includes/media.php on line 827
[19-Mar-2024 22:53:37 UTC] PHP Notice:  Undefined offset: 0 in /Users/kenza/Library/CloudStorage/GoogleDrive-bechirikenza@gmail.com/Mon Drive/2023-08_Formation-Wordpress-Openclassrooms/11_Projet-11/wp-includes/media.php on line 70
[19-Mar-2024 22:53:37 UTC] PHP Notice:  Undefined offset: 1 in /Users/kenza/Library/CloudStorage/GoogleDrive-bechirikenza@gmail.com/Mon Drive/2023-08_Formation-Wordpress-Openclassrooms/11_Projet-11/wp-includes/media.php on line 71
[19-Mar-2024 22:53:37 UTC] PHP Notice:  Undefined offset: 0 in /Users/kenza/Library/CloudStorage/GoogleDrive-bechirikenza@gmail.com/Mon Drive/2023-08_Formation-Wordpress-Openclassrooms/11_Projet-11/wp-includes/media.php on line 70
[19-Mar-2024 22:53:37 UTC] PHP Notice:  Undefined offset: 1 in /Users/kenza/Library/CloudStorage/GoogleDrive-bechirikenza@gmail.com/Mon Drive/2023-08_Formation-Wordpress-Openclassrooms/11_Projet-11/wp-includes/media.php on line 71
[19-Mar-2024 22:53:37 UTC] PHP Notice:  Undefined offset: 0 in /Users/kenza/Library/CloudStorage/GoogleDrive-bechirikenza@gmail.com/Mon Drive/2023-08_Formation-Wordpress-Openclassrooms/11_Projet-11/wp-includes/media.php on line 795
[19-Mar-2024 22:53:37 UTC] PHP Notice:  Undefined offset: 0 in /Users/kenza/Library/CloudStorage/GoogleDrive-bechirikenza@gmail.com/Mon Drive/2023-08_Formation-Wordpress-Openclassrooms/11_Projet-11/wp-includes/media.php on line 801
[19-Mar-2024 22:53:37 UTC] PHP Notice:  Undefined offset: 1 in /Users/kenza/Library/CloudStorage/GoogleDrive-bechirikenza@gmail.com/Mon Drive/2023-08_Formation-Wordpress-Openclassrooms/11_Projet-11/wp-includes/media.php on line 801
[19-Mar-2024 22:53:37 UTC] PHP Notice:  Undefined offset: 0 in /Users/kenza/Library/CloudStorage/GoogleDrive-bechirikenza@gmail.com/Mon Drive/2023-08_Formation-Wordpress-Openclassrooms/11_Projet-11/wp-includes/media.php on line 803
[19-Mar-2024 22:53:37 UTC] PHP Notice:  Undefined offset: 1 in /Users/kenza/Library/CloudStorage/GoogleDrive-bechirikenza@gmail.com/Mon Drive/2023-08_Formation-Wordpress-Openclassrooms/11_Projet-11/wp-includes/media.php on line 803
[19-Mar-2024 22:53:37 UTC] PHP Notice:  Undefined offset: 0 in /Users/kenza/Library/CloudStorage/GoogleDrive-bechirikenza@gmail.com/Mon Drive/2023-08_Formation-Wordpress-Openclassrooms/11_Projet-11/wp-includes/media.php on line 806
[19-Mar-2024 22:53:37 UTC] PHP Notice:  Undefined offset: 1 in /Users/kenza/Library/CloudStorage/GoogleDrive-bechirikenza@gmail.com/Mon Drive/2023-08_Formation-Wordpress-Openclassrooms/11_Projet-11/wp-includes/media.php on line 806
[19-Mar-2024 22:53:37 UTC] PHP Notice:  Undefined offset: 0 in /Users/kenza/Library/CloudStorage/GoogleDrive-bechirikenza@gmail.com/Mon Drive/2023-08_Formation-Wordpress-Openclassrooms/11_Projet-11/wp-includes/media.php on line 795
[19-Mar-2024 22:53:37 UTC] PHP Notice:  Undefined offset: 0 in /Users/kenza/Library/CloudStorage/GoogleDrive-bechirikenza@gmail.com/Mon Drive/2023-08_Formation-Wordpress-Openclassrooms/11_Projet-11/wp-includes/media.php on line 801
[19-Mar-2024 22:53:37 UTC] PHP Notice:  Undefined offset: 1 in /Users/kenza/Library/CloudStorage/GoogleDrive-bechirikenza@gmail.com/Mon Drive/2023-08_Formation-Wordpress-Openclassrooms/11_Projet-11/wp-includes/media.php on line 801
[19-Mar-2024 22:53:37 UTC] PHP Notice:  Undefined offset: 0 in /Users/kenza/Library/CloudStorage/GoogleDrive-bechirikenza@gmail.com/Mon Drive/2023-08_Formation-Wordpress-Openclassrooms/11_Projet-11/wp-includes/media.php on line 803
[19-Mar-2024 22:53:37 UTC] PHP Notice:  Undefined offset: 1 in /Users/kenza/Library/CloudStorage/GoogleDrive-bechirikenza@gmail.com/Mon Drive/2023-08_Formation-Wordpress-Openclassrooms/11_Projet-11/wp-includes/media.php on line 803
[19-Mar-2024 22:53:37 UTC] PHP Notice:  Undefined offset: 0 in /Users/kenza/Library/CloudStorage/GoogleDrive-bechirikenza@gmail.com/Mon Drive/2023-08_Formation-Wordpress-Openclassrooms/11_Projet-11/wp-includes/media.php on line 806
[19-Mar-2024 22:53:37 UTC] PHP Notice:  Undefined offset: 1 in /Users/kenza/Library/CloudStorage/GoogleDrive-bechirikenza@gmail.com/Mon Drive/2023-08_Formation-Wordpress-Openclassrooms/11_Projet-11/wp-includes/media.php on line 806
[19-Mar-2024 22:53:37 UTC] PHP Notice:  Undefined offset: 0 in /Users/kenza/Library/CloudStorage/GoogleDrive-bechirikenza@gmail.com/Mon Drive/2023-08_Formation-Wordpress-Openclassrooms/11_Projet-11/wp-includes/media.php on line 795
[19-Mar-2024 22:53:37 UTC] PHP Notice:  Undefined offset: 0 in /Users/kenza/Library/CloudStorage/GoogleDrive-bechirikenza@gmail.com/Mon Drive/2023-08_Formation-Wordpress-Openclassrooms/11_Projet-11/wp-includes/media.php on line 801
[19-Mar-2024 22:53:37 UTC] PHP Notice:  Undefined offset: 1 in /Users/kenza/Library/CloudStorage/GoogleDrive-bechirikenza@gmail.com/Mon Drive/2023-08_Formation-Wordpress-Openclassrooms/11_Projet-11/wp-includes/media.php on line 801
[19-Mar-2024 22:53:37 UTC] PHP Notice:  Undefined offset: 0 in /Users/kenza/Library/CloudStorage/GoogleDrive-bechirikenza@gmail.com/Mon Drive/2023-08_Formation-Wordpress-Openclassrooms/11_Projet-11/wp-includes/media.php on line 803
[19-Mar-2024 22:53:37 UTC] PHP Notice:  Undefined offset: 1 in /Users/kenza/Library/CloudStorage/GoogleDrive-bechirikenza@gmail.com/Mon Drive/2023-08_Formation-Wordpress-Openclassrooms/11_Projet-11/wp-includes/media.php on line 803
[19-Mar-2024 22:53:37 UTC] PHP Notice:  Undefined offset: 0 in /Users/kenza/Library/CloudStorage/GoogleDrive-bechirikenza@gmail.com/Mon Drive/2023-08_Formation-Wordpress-Openclassrooms/11_Projet-11/wp-includes/media.php on line 806
[19-Mar-2024 22:53:37 UTC] PHP Notice:  Undefined offset: 1 in /Users/kenza/Library/CloudStorage/GoogleDrive-bechirikenza@gmail.com/Mon Drive/2023-08_Formation-Wordpress-Openclassrooms/11_Projet-11/wp-includes/media.php on line 806
[19-Mar-2024 22:53:37 UTC] PHP Notice:  Undefined offset: 0 in /Users/kenza/Library/CloudStorage/GoogleDrive-bechirikenza@gmail.com/Mon Drive/2023-08_Formation-Wordpress-Openclassrooms/11_Projet-11/wp-includes/media.php on line 795
[19-Mar-2024 22:53:37 UTC] PHP Notice:  Undefined offset: 0 in /Users/kenza/Library/CloudStorage/GoogleDrive-bechirikenza@gmail.com/Mon Drive/2023-08_Formation-Wordpress-Openclassrooms/11_Projet-11/wp-includes/media.php on line 801
[19-Mar-2024 22:53:37 UTC] PHP Notice:  Undefined offset: 1 in /Users/kenza/Library/CloudStorage/GoogleDrive-bechirikenza@gmail.com/Mon Drive/2023-08_Formation-Wordpress-Openclassrooms/11_Projet-11/wp-includes/media.php on line 801
[19-Mar-2024 22:53:37 UTC] PHP Notice:  Undefined offset: 0 in /Users/kenza/Library/CloudStorage/GoogleDrive-bechirikenza@gmail.com/Mon Drive/2023-08_Formation-Wordpress-Openclassrooms/11_Projet-11/wp-includes/media.php on line 803
[19-Mar-2024 22:53:37 UTC] PHP Notice:  Undefined offset: 1 in /Users/kenza/Library/CloudStorage/GoogleDrive-bechirikenza@gmail.com/Mon Drive/2023-08_Formation-Wordpress-Openclassrooms/11_Projet-11/wp-includes/media.php on line 803
[19-Mar-2024 22:53:37 UTC] PHP Notice:  Undefined offset: 0 in /Users/kenza/Library/CloudStorage/GoogleDrive-bechirikenza@gmail.com/Mon Drive/2023-08_Formation-Wordpress-Openclassrooms/11_Projet-11/wp-includes/media.php on line 806
[19-Mar-2024 22:53:37 UTC] PHP Notice:  Undefined offset: 1 in /Users/kenza/Library/CloudStorage/GoogleDrive-bechirikenza@gmail.com/Mon Drive/2023-08_Formation-Wordpress-Openclassrooms/11_Projet-11/wp-includes/media.php on line 806
[19-Mar-2024 22:53:37 UTC] PHP Notice:  Undefined offset: 0 in /Users/kenza/Library/CloudStorage/GoogleDrive-bechirikenza@gmail.com/Mon Drive/2023-08_Formation-Wordpress-Openclassrooms/11_Projet-11/wp-includes/media.php on line 795
[19-Mar-2024 22:53:37 UTC] PHP Notice:  Undefined offset: 0 in /Users/kenza/Library/CloudStorage/GoogleDrive-bechirikenza@gmail.com/Mon Drive/2023-08_Formation-Wordpress-Openclassrooms/11_Projet-11/wp-includes/media.php on line 801
[19-Mar-2024 22:53:37 UTC] PHP Notice:  Undefined offset: 1 in /Users/kenza/Library/CloudStorage/GoogleDrive-bechirikenza@gmail.com/Mon Drive/2023-08_Formation-Wordpress-Openclassrooms/11_Projet-11/wp-includes/media.php on line 801
[19-Mar-2024 22:53:37 UTC] PHP Notice:  Undefined offset: 0 in /Users/kenza/Library/CloudStorage/GoogleDrive-bechirikenza@gmail.com/Mon Drive/2023-08_Formation-Wordpress-Openclassrooms/11_Projet-11/wp-includes/media.php on line 803
[19-Mar-2024 22:53:37 UTC] PHP Notice:  Undefined offset: 1 in /Users/kenza/Library/CloudStorage/GoogleDrive-bechirikenza@gmail.com/Mon Drive/2023-08_Formation-Wordpress-Openclassrooms/11_Projet-11/wp-includes/media.php on line 803
[19-Mar-2024 22:53:37 UTC] PHP Notice:  Undefined offset: 0 in /Users/kenza/Library/CloudStorage/GoogleDrive-bechirikenza@gmail.com/Mon Drive/2023-08_Formation-Wordpress-Openclassrooms/11_Projet-11/wp-includes/media.php on line 806
[19-Mar-2024 22:53:37 UTC] PHP Notice:  Undefined offset: 1 in /Users/kenza/Library/CloudStorage/GoogleDrive-bechirikenza@gmail.com/Mon Drive/2023-08_Formation-Wordpress-Openclassrooms/11_Projet-11/wp-includes/media.php on line 806
[19-Mar-2024 22:53:37 UTC] PHP Notice:  Undefined offset: 0 in /Users/kenza/Library/CloudStorage/GoogleDrive-bechirikenza@gmail.com/Mon Drive/2023-08_Formation-Wordpress-Openclassrooms/11_Projet-11/wp-includes/media.php on line 795
[19-Mar-2024 22:53:37 UTC] PHP Notice:  Undefined offset: 0 in /Users/kenza/Library/CloudStorage/GoogleDrive-bechirikenza@gmail.com/Mon Drive/2023-08_Formation-Wordpress-Openclassrooms/11_Projet-11/wp-includes/media.php on line 801
[19-Mar-2024 22:53:37 UTC] PHP Notice:  Undefined offset: 1 in /Users/kenza/Library/CloudStorage/GoogleDrive-bechirikenza@gmail.com/Mon Drive/2023-08_Formation-Wordpress-Openclassrooms/11_Projet-11/wp-includes/media.php on line 801
[19-Mar-2024 22:53:37 UTC] PHP Notice:  Undefined offset: 0 in /Users/kenza/Library/CloudStorage/GoogleDrive-bechirikenza@gmail.com/Mon Drive/2023-08_Formation-Wordpress-Openclassrooms/11_Projet-11/wp-includes/media.php on line 803
[19-Mar-2024 22:53:37 UTC] PHP Notice:  Undefined offset: 1 in /Users/kenza/Library/CloudStorage/GoogleDrive-bechirikenza@gmail.com/Mon Drive/2023-08_Formation-Wordpress-Openclassrooms/11_Projet-11/wp-includes/media.php on line 803
[19-Mar-2024 22:53:37 UTC] PHP Notice:  Undefined offset: 0 in /Users/kenza/Library/CloudStorage/GoogleDrive-bechirikenza@gmail.com/Mon Drive/2023-08_Formation-Wordpress-Openclassrooms/11_Projet-11/wp-includes/media.php on line 806
[19-Mar-2024 22:53:37 UTC] PHP Notice:  Undefined offset: 1 in /Users/kenza/Library/CloudStorage/GoogleDrive-bechirikenza@gmail.com/Mon Drive/2023-08_Formation-Wordpress-Openclassrooms/11_Projet-11/wp-includes/media.php on line 806
[19-Mar-2024 22:53:37 UTC] PHP Notice:  Undefined offset: 0 in /Users/kenza/Library/CloudStorage/GoogleDrive-bechirikenza@gmail.com/Mon Drive/2023-08_Formation-Wordpress-Openclassrooms/11_Projet-11/wp-includes/media.php on line 827
[19-Mar-2024 22:53:37 UTC] PHP Notice:  Undefined offset: 1 in /Users/kenza/Library/CloudStorage/GoogleDrive-bechirikenza@gmail.com/Mon Drive/2023-08_Formation-Wordpress-Openclassrooms/11_Projet-11/wp-includes/media.php on line 827
[19-Mar-2024 22:53:37 UTC] PHP Notice:  Undefined offset: 0 in /Users/kenza/Library/CloudStorage/GoogleDrive-bechirikenza@gmail.com/Mon Drive/2023-08_Formation-Wordpress-Openclassrooms/11_Projet-11/wp-includes/media.php on line 70
[19-Mar-2024 22:53:37 UTC] PHP Notice:  Undefined offset: 1 in /Users/kenza/Library/CloudStorage/GoogleDrive-bechirikenza@gmail.com/Mon Drive/2023-08_Formation-Wordpress-Openclassrooms/11_Projet-11/wp-includes/media.php on line 71
[19-Mar-2024 22:53:37 UTC] PHP Notice:  Undefined offset: 0 in /Users/kenza/Library/CloudStorage/GoogleDrive-bechirikenza@gmail.com/Mon Drive/2023-08_Formation-Wordpress-Openclassrooms/11_Projet-11/wp-includes/media.php on line 70
[19-Mar-2024 22:53:37 UTC] PHP Notice:  Undefined offset: 1 in /Users/kenza/Library/CloudStorage/GoogleDrive-bechirikenza@gmail.com/Mon Drive/2023-08_Formation-Wordpress-Openclassrooms/11_Projet-11/wp-includes/media.php on line 71
